[2023-02-21T09:21:34.143+0000] {processor.py:153} INFO - Started process (PID=200) to work on /opt/airflow/dags/milestone_3.py
[2023-02-21T09:21:34.156+0000] {processor.py:743} INFO - Processing file /opt/airflow/dags/milestone_3.py for tasks to queue
[2023-02-21T09:21:34.160+0000] {logging_mixin.py:137} INFO - [2023-02-21T09:21:34.159+0000] {dagbag.py:538} INFO - Filling up the DagBag from /opt/airflow/dags/milestone_3.py
[2023-02-21T09:22:02.455+0000] {processor.py:753} INFO - DAG(s) dict_keys(['uk_accidents_etl_pipeline']) retrieved from /opt/airflow/dags/milestone_3.py
[2023-02-21T09:22:02.767+0000] {logging_mixin.py:137} INFO - [2023-02-21T09:22:02.766+0000] {dag.py:2676} INFO - Sync 1 DAGs
[2023-02-21T09:22:02.864+0000] {logging_mixin.py:137} INFO - [2023-02-21T09:22:02.863+0000] {dag.py:3427} INFO - Setting next_dagrun for uk_accidents_etl_pipeline to None, run_after=None
[2023-02-21T09:22:02.925+0000] {processor.py:175} INFO - Processing /opt/airflow/dags/milestone_3.py took 28.808 seconds
[2023-02-21T09:22:33.081+0000] {processor.py:153} INFO - Started process (PID=245) to work on /opt/airflow/dags/milestone_3.py
[2023-02-21T09:22:33.392+0000] {processor.py:743} INFO - Processing file /opt/airflow/dags/milestone_3.py for tasks to queue
[2023-02-21T09:22:33.395+0000] {logging_mixin.py:137} INFO - [2023-02-21T09:22:33.395+0000] {dagbag.py:538} INFO - Filling up the DagBag from /opt/airflow/dags/milestone_3.py
[2023-02-21T09:22:46.932+0000] {processor.py:753} INFO - DAG(s) dict_keys(['uk_accidents_etl_pipeline']) retrieved from /opt/airflow/dags/milestone_3.py
[2023-02-21T09:22:47.094+0000] {logging_mixin.py:137} INFO - [2023-02-21T09:22:47.093+0000] {dag.py:2676} INFO - Sync 1 DAGs
[2023-02-21T09:22:47.268+0000] {logging_mixin.py:137} INFO - [2023-02-21T09:22:47.266+0000] {dag.py:3427} INFO - Setting next_dagrun for uk_accidents_etl_pipeline to None, run_after=None
[2023-02-21T09:22:47.383+0000] {processor.py:175} INFO - Processing /opt/airflow/dags/milestone_3.py took 14.307 seconds
[2023-02-21T09:23:18.188+0000] {processor.py:153} INFO - Started process (PID=281) to work on /opt/airflow/dags/milestone_3.py
[2023-02-21T09:23:18.213+0000] {processor.py:743} INFO - Processing file /opt/airflow/dags/milestone_3.py for tasks to queue
[2023-02-21T09:23:18.218+0000] {logging_mixin.py:137} INFO - [2023-02-21T09:23:18.218+0000] {dagbag.py:538} INFO - Filling up the DagBag from /opt/airflow/dags/milestone_3.py
[2023-02-21T09:23:29.211+0000] {processor.py:753} INFO - DAG(s) dict_keys(['uk_accidents_etl_pipeline']) retrieved from /opt/airflow/dags/milestone_3.py
[2023-02-21T09:23:29.290+0000] {logging_mixin.py:137} INFO - [2023-02-21T09:23:29.290+0000] {dag.py:2676} INFO - Sync 1 DAGs
[2023-02-21T09:23:29.343+0000] {logging_mixin.py:137} INFO - [2023-02-21T09:23:29.341+0000] {dag.py:3427} INFO - Setting next_dagrun for uk_accidents_etl_pipeline to None, run_after=None
[2023-02-21T09:23:29.726+0000] {processor.py:175} INFO - Processing /opt/airflow/dags/milestone_3.py took 11.551 seconds
[2023-02-21T09:24:00.263+0000] {processor.py:153} INFO - Started process (PID=313) to work on /opt/airflow/dags/milestone_3.py
[2023-02-21T09:24:00.265+0000] {processor.py:743} INFO - Processing file /opt/airflow/dags/milestone_3.py for tasks to queue
[2023-02-21T09:24:00.267+0000] {logging_mixin.py:137} INFO - [2023-02-21T09:24:00.267+0000] {dagbag.py:538} INFO - Filling up the DagBag from /opt/airflow/dags/milestone_3.py
[2023-02-21T09:24:07.541+0000] {processor.py:753} INFO - DAG(s) dict_keys(['uk_accidents_etl_pipeline']) retrieved from /opt/airflow/dags/milestone_3.py
[2023-02-21T09:24:07.629+0000] {logging_mixin.py:137} INFO - [2023-02-21T09:24:07.628+0000] {dag.py:2676} INFO - Sync 1 DAGs
[2023-02-21T09:24:07.706+0000] {logging_mixin.py:137} INFO - [2023-02-21T09:24:07.705+0000] {dag.py:3427} INFO - Setting next_dagrun for uk_accidents_etl_pipeline to None, run_after=None
[2023-02-21T09:24:07.754+0000] {processor.py:175} INFO - Processing /opt/airflow/dags/milestone_3.py took 7.496 seconds
[2023-02-21T09:24:38.215+0000] {processor.py:153} INFO - Started process (PID=345) to work on /opt/airflow/dags/milestone_3.py
[2023-02-21T09:24:38.244+0000] {processor.py:743} INFO - Processing file /opt/airflow/dags/milestone_3.py for tasks to queue
[2023-02-21T09:24:38.249+0000] {logging_mixin.py:137} INFO - [2023-02-21T09:24:38.248+0000] {dagbag.py:538} INFO - Filling up the DagBag from /opt/airflow/dags/milestone_3.py
[2023-02-21T09:24:45.077+0000] {processor.py:753} INFO - DAG(s) dict_keys(['uk_accidents_etl_pipeline']) retrieved from /opt/airflow/dags/milestone_3.py
[2023-02-21T09:24:45.232+0000] {logging_mixin.py:137} INFO - [2023-02-21T09:24:45.231+0000] {dag.py:2676} INFO - Sync 1 DAGs
[2023-02-21T09:24:45.341+0000] {logging_mixin.py:137} INFO - [2023-02-21T09:24:45.341+0000] {dag.py:3427} INFO - Setting next_dagrun for uk_accidents_etl_pipeline to None, run_after=None
[2023-02-21T09:24:45.425+0000] {processor.py:175} INFO - Processing /opt/airflow/dags/milestone_3.py took 7.224 seconds
[2023-02-21T09:25:15.706+0000] {processor.py:153} INFO - Started process (PID=377) to work on /opt/airflow/dags/milestone_3.py
[2023-02-21T09:25:15.708+0000] {processor.py:743} INFO - Processing file /opt/airflow/dags/milestone_3.py for tasks to queue
[2023-02-21T09:25:15.713+0000] {logging_mixin.py:137} INFO - [2023-02-21T09:25:15.712+0000] {dagbag.py:538} INFO - Filling up the DagBag from /opt/airflow/dags/milestone_3.py
[2023-02-21T09:25:23.818+0000] {processor.py:753} INFO - DAG(s) dict_keys(['uk_accidents_etl_pipeline']) retrieved from /opt/airflow/dags/milestone_3.py
[2023-02-21T09:25:23.923+0000] {logging_mixin.py:137} INFO - [2023-02-21T09:25:23.922+0000] {dag.py:2676} INFO - Sync 1 DAGs
[2023-02-21T09:25:24.028+0000] {logging_mixin.py:137} INFO - [2023-02-21T09:25:24.027+0000] {dag.py:3427} INFO - Setting next_dagrun for uk_accidents_etl_pipeline to None, run_after=None
[2023-02-21T09:25:24.106+0000] {processor.py:175} INFO - Processing /opt/airflow/dags/milestone_3.py took 8.400 seconds
[2023-02-21T09:25:54.250+0000] {processor.py:153} INFO - Started process (PID=410) to work on /opt/airflow/dags/milestone_3.py
[2023-02-21T09:25:54.252+0000] {processor.py:743} INFO - Processing file /opt/airflow/dags/milestone_3.py for tasks to queue
[2023-02-21T09:25:54.253+0000] {logging_mixin.py:137} INFO - [2023-02-21T09:25:54.253+0000] {dagbag.py:538} INFO - Filling up the DagBag from /opt/airflow/dags/milestone_3.py
[2023-02-21T09:26:01.933+0000] {processor.py:753} INFO - DAG(s) dict_keys(['uk_accidents_etl_pipeline']) retrieved from /opt/airflow/dags/milestone_3.py
[2023-02-21T09:26:02.017+0000] {logging_mixin.py:137} INFO - [2023-02-21T09:26:02.016+0000] {dag.py:2676} INFO - Sync 1 DAGs
[2023-02-21T09:26:02.130+0000] {logging_mixin.py:137} INFO - [2023-02-21T09:26:02.130+0000] {dag.py:3427} INFO - Setting next_dagrun for uk_accidents_etl_pipeline to None, run_after=None
[2023-02-21T09:26:02.180+0000] {processor.py:175} INFO - Processing /opt/airflow/dags/milestone_3.py took 7.947 seconds
[2023-02-21T09:26:33.042+0000] {processor.py:153} INFO - Started process (PID=443) to work on /opt/airflow/dags/milestone_3.py
[2023-02-21T09:26:33.044+0000] {processor.py:743} INFO - Processing file /opt/airflow/dags/milestone_3.py for tasks to queue
[2023-02-21T09:26:33.046+0000] {logging_mixin.py:137} INFO - [2023-02-21T09:26:33.045+0000] {dagbag.py:538} INFO - Filling up the DagBag from /opt/airflow/dags/milestone_3.py
[2023-02-21T09:26:41.508+0000] {processor.py:753} INFO - DAG(s) dict_keys(['uk_accidents_etl_pipeline']) retrieved from /opt/airflow/dags/milestone_3.py
[2023-02-21T09:26:41.583+0000] {logging_mixin.py:137} INFO - [2023-02-21T09:26:41.582+0000] {dag.py:2676} INFO - Sync 1 DAGs
[2023-02-21T09:26:41.701+0000] {logging_mixin.py:137} INFO - [2023-02-21T09:26:41.700+0000] {dag.py:3427} INFO - Setting next_dagrun for uk_accidents_etl_pipeline to None, run_after=None
[2023-02-21T09:26:41.807+0000] {processor.py:175} INFO - Processing /opt/airflow/dags/milestone_3.py took 8.777 seconds
[2023-02-21T09:27:12.252+0000] {processor.py:153} INFO - Started process (PID=476) to work on /opt/airflow/dags/milestone_3.py
[2023-02-21T09:27:12.254+0000] {processor.py:743} INFO - Processing file /opt/airflow/dags/milestone_3.py for tasks to queue
[2023-02-21T09:27:12.256+0000] {logging_mixin.py:137} INFO - [2023-02-21T09:27:12.256+0000] {dagbag.py:538} INFO - Filling up the DagBag from /opt/airflow/dags/milestone_3.py
[2023-02-21T09:27:20.131+0000] {processor.py:753} INFO - DAG(s) dict_keys(['uk_accidents_etl_pipeline']) retrieved from /opt/airflow/dags/milestone_3.py
[2023-02-21T09:27:20.310+0000] {logging_mixin.py:137} INFO - [2023-02-21T09:27:20.300+0000] {dag.py:2676} INFO - Sync 1 DAGs
[2023-02-21T09:27:20.416+0000] {logging_mixin.py:137} INFO - [2023-02-21T09:27:20.416+0000] {dag.py:3427} INFO - Setting next_dagrun for uk_accidents_etl_pipeline to None, run_after=None
[2023-02-21T09:27:20.522+0000] {processor.py:175} INFO - Processing /opt/airflow/dags/milestone_3.py took 8.276 seconds
[2023-02-21T09:27:50.772+0000] {processor.py:153} INFO - Started process (PID=510) to work on /opt/airflow/dags/milestone_3.py
[2023-02-21T09:27:50.774+0000] {processor.py:743} INFO - Processing file /opt/airflow/dags/milestone_3.py for tasks to queue
[2023-02-21T09:27:50.776+0000] {logging_mixin.py:137} INFO - [2023-02-21T09:27:50.776+0000] {dagbag.py:538} INFO - Filling up the DagBag from /opt/airflow/dags/milestone_3.py
[2023-02-21T09:27:58.850+0000] {processor.py:753} INFO - DAG(s) dict_keys(['uk_accidents_etl_pipeline']) retrieved from /opt/airflow/dags/milestone_3.py
[2023-02-21T09:27:58.948+0000] {logging_mixin.py:137} INFO - [2023-02-21T09:27:58.946+0000] {dag.py:2676} INFO - Sync 1 DAGs
[2023-02-21T09:27:59.021+0000] {logging_mixin.py:137} INFO - [2023-02-21T09:27:59.020+0000] {dag.py:3427} INFO - Setting next_dagrun for uk_accidents_etl_pipeline to None, run_after=None
[2023-02-21T09:27:59.086+0000] {processor.py:175} INFO - Processing /opt/airflow/dags/milestone_3.py took 8.320 seconds
[2023-02-21T09:28:29.503+0000] {processor.py:153} INFO - Started process (PID=542) to work on /opt/airflow/dags/milestone_3.py
[2023-02-21T09:28:29.504+0000] {processor.py:743} INFO - Processing file /opt/airflow/dags/milestone_3.py for tasks to queue
[2023-02-21T09:28:29.508+0000] {logging_mixin.py:137} INFO - [2023-02-21T09:28:29.508+0000] {dagbag.py:538} INFO - Filling up the DagBag from /opt/airflow/dags/milestone_3.py
[2023-02-21T09:28:38.413+0000] {processor.py:753} INFO - DAG(s) dict_keys(['uk_accidents_etl_pipeline']) retrieved from /opt/airflow/dags/milestone_3.py
[2023-02-21T09:28:38.524+0000] {logging_mixin.py:137} INFO - [2023-02-21T09:28:38.523+0000] {dag.py:2676} INFO - Sync 1 DAGs
[2023-02-21T09:28:38.630+0000] {logging_mixin.py:137} INFO - [2023-02-21T09:28:38.630+0000] {dag.py:3427} INFO - Setting next_dagrun for uk_accidents_etl_pipeline to None, run_after=None
[2023-02-21T09:28:38.777+0000] {processor.py:175} INFO - Processing /opt/airflow/dags/milestone_3.py took 9.279 seconds
[2023-02-21T09:29:09.119+0000] {processor.py:153} INFO - Started process (PID=581) to work on /opt/airflow/dags/milestone_3.py
[2023-02-21T09:29:09.121+0000] {processor.py:743} INFO - Processing file /opt/airflow/dags/milestone_3.py for tasks to queue
[2023-02-21T09:29:09.123+0000] {logging_mixin.py:137} INFO - [2023-02-21T09:29:09.122+0000] {dagbag.py:538} INFO - Filling up the DagBag from /opt/airflow/dags/milestone_3.py
[2023-02-21T09:29:16.903+0000] {processor.py:753} INFO - DAG(s) dict_keys(['uk_accidents_etl_pipeline']) retrieved from /opt/airflow/dags/milestone_3.py
[2023-02-21T09:29:17.079+0000] {logging_mixin.py:137} INFO - [2023-02-21T09:29:17.078+0000] {dag.py:2676} INFO - Sync 1 DAGs
[2023-02-21T09:29:17.121+0000] {logging_mixin.py:137} INFO - [2023-02-21T09:29:17.121+0000] {dag.py:3427} INFO - Setting next_dagrun for uk_accidents_etl_pipeline to None, run_after=None
[2023-02-21T09:29:17.162+0000] {processor.py:175} INFO - Processing /opt/airflow/dags/milestone_3.py took 8.050 seconds
[2023-02-21T09:29:47.770+0000] {processor.py:153} INFO - Started process (PID=616) to work on /opt/airflow/dags/milestone_3.py
[2023-02-21T09:29:47.772+0000] {processor.py:743} INFO - Processing file /opt/airflow/dags/milestone_3.py for tasks to queue
[2023-02-21T09:29:47.777+0000] {logging_mixin.py:137} INFO - [2023-02-21T09:29:47.776+0000] {dagbag.py:538} INFO - Filling up the DagBag from /opt/airflow/dags/milestone_3.py
[2023-02-21T09:29:55.656+0000] {processor.py:753} INFO - DAG(s) dict_keys(['uk_accidents_etl_pipeline']) retrieved from /opt/airflow/dags/milestone_3.py
[2023-02-21T09:29:55.812+0000] {logging_mixin.py:137} INFO - [2023-02-21T09:29:55.812+0000] {dag.py:2676} INFO - Sync 1 DAGs
[2023-02-21T09:29:55.883+0000] {logging_mixin.py:137} INFO - [2023-02-21T09:29:55.882+0000] {dag.py:3427} INFO - Setting next_dagrun for uk_accidents_etl_pipeline to None, run_after=None
[2023-02-21T09:29:55.963+0000] {processor.py:175} INFO - Processing /opt/airflow/dags/milestone_3.py took 8.212 seconds
[2023-02-21T09:30:26.206+0000] {processor.py:153} INFO - Started process (PID=650) to work on /opt/airflow/dags/milestone_3.py
[2023-02-21T09:30:26.208+0000] {processor.py:743} INFO - Processing file /opt/airflow/dags/milestone_3.py for tasks to queue
[2023-02-21T09:30:26.211+0000] {logging_mixin.py:137} INFO - [2023-02-21T09:30:26.210+0000] {dagbag.py:538} INFO - Filling up the DagBag from /opt/airflow/dags/milestone_3.py
[2023-02-21T09:30:33.988+0000] {processor.py:753} INFO - DAG(s) dict_keys(['uk_accidents_etl_pipeline']) retrieved from /opt/airflow/dags/milestone_3.py
[2023-02-21T09:30:34.153+0000] {logging_mixin.py:137} INFO - [2023-02-21T09:30:34.142+0000] {dag.py:2676} INFO - Sync 1 DAGs
[2023-02-21T09:30:34.303+0000] {logging_mixin.py:137} INFO - [2023-02-21T09:30:34.302+0000] {dag.py:3427} INFO - Setting next_dagrun for uk_accidents_etl_pipeline to None, run_after=None
[2023-02-21T09:30:34.423+0000] {processor.py:175} INFO - Processing /opt/airflow/dags/milestone_3.py took 8.224 seconds
[2023-02-21T09:31:04.853+0000] {processor.py:153} INFO - Started process (PID=682) to work on /opt/airflow/dags/milestone_3.py
[2023-02-21T09:31:04.856+0000] {processor.py:743} INFO - Processing file /opt/airflow/dags/milestone_3.py for tasks to queue
[2023-02-21T09:31:04.858+0000] {logging_mixin.py:137} INFO - [2023-02-21T09:31:04.858+0000] {dagbag.py:538} INFO - Filling up the DagBag from /opt/airflow/dags/milestone_3.py
[2023-02-21T09:31:11.373+0000] {processor.py:753} INFO - DAG(s) dict_keys(['uk_accidents_etl_pipeline']) retrieved from /opt/airflow/dags/milestone_3.py
[2023-02-21T09:31:11.449+0000] {logging_mixin.py:137} INFO - [2023-02-21T09:31:11.448+0000] {dag.py:2676} INFO - Sync 1 DAGs
[2023-02-21T09:31:11.524+0000] {logging_mixin.py:137} INFO - [2023-02-21T09:31:11.524+0000] {dag.py:3427} INFO - Setting next_dagrun for uk_accidents_etl_pipeline to None, run_after=None
[2023-02-21T09:31:11.578+0000] {processor.py:175} INFO - Processing /opt/airflow/dags/milestone_3.py took 6.735 seconds
[2023-02-21T09:31:42.137+0000] {processor.py:153} INFO - Started process (PID=715) to work on /opt/airflow/dags/milestone_3.py
[2023-02-21T09:31:42.141+0000] {processor.py:743} INFO - Processing file /opt/airflow/dags/milestone_3.py for tasks to queue
[2023-02-21T09:31:42.143+0000] {logging_mixin.py:137} INFO - [2023-02-21T09:31:42.142+0000] {dagbag.py:538} INFO - Filling up the DagBag from /opt/airflow/dags/milestone_3.py
[2023-02-21T09:31:48.256+0000] {processor.py:753} INFO - DAG(s) dict_keys(['uk_accidents_etl_pipeline']) retrieved from /opt/airflow/dags/milestone_3.py
[2023-02-21T09:31:48.365+0000] {logging_mixin.py:137} INFO - [2023-02-21T09:31:48.364+0000] {dag.py:2676} INFO - Sync 1 DAGs
[2023-02-21T09:31:48.455+0000] {logging_mixin.py:137} INFO - [2023-02-21T09:31:48.454+0000] {dag.py:3427} INFO - Setting next_dagrun for uk_accidents_etl_pipeline to None, run_after=None
[2023-02-21T09:31:48.538+0000] {processor.py:175} INFO - Processing /opt/airflow/dags/milestone_3.py took 6.405 seconds
[2023-02-21T09:32:18.881+0000] {processor.py:153} INFO - Started process (PID=747) to work on /opt/airflow/dags/milestone_3.py
[2023-02-21T09:32:18.882+0000] {processor.py:743} INFO - Processing file /opt/airflow/dags/milestone_3.py for tasks to queue
[2023-02-21T09:32:18.903+0000] {logging_mixin.py:137} INFO - [2023-02-21T09:32:18.903+0000] {dagbag.py:538} INFO - Filling up the DagBag from /opt/airflow/dags/milestone_3.py
[2023-02-21T09:32:25.103+0000] {processor.py:753} INFO - DAG(s) dict_keys(['uk_accidents_etl_pipeline']) retrieved from /opt/airflow/dags/milestone_3.py
[2023-02-21T09:32:25.194+0000] {logging_mixin.py:137} INFO - [2023-02-21T09:32:25.193+0000] {dag.py:2676} INFO - Sync 1 DAGs
[2023-02-21T09:32:25.275+0000] {logging_mixin.py:137} INFO - [2023-02-21T09:32:25.275+0000] {dag.py:3427} INFO - Setting next_dagrun for uk_accidents_etl_pipeline to None, run_after=None
[2023-02-21T09:32:25.336+0000] {processor.py:175} INFO - Processing /opt/airflow/dags/milestone_3.py took 6.463 seconds
[2023-02-21T09:32:55.805+0000] {processor.py:153} INFO - Started process (PID=780) to work on /opt/airflow/dags/milestone_3.py
[2023-02-21T09:32:55.807+0000] {processor.py:743} INFO - Processing file /opt/airflow/dags/milestone_3.py for tasks to queue
[2023-02-21T09:32:55.809+0000] {logging_mixin.py:137} INFO - [2023-02-21T09:32:55.809+0000] {dagbag.py:538} INFO - Filling up the DagBag from /opt/airflow/dags/milestone_3.py
[2023-02-21T09:33:03.325+0000] {processor.py:753} INFO - DAG(s) dict_keys(['uk_accidents_etl_pipeline']) retrieved from /opt/airflow/dags/milestone_3.py
[2023-02-21T09:33:03.465+0000] {logging_mixin.py:137} INFO - [2023-02-21T09:33:03.464+0000] {dag.py:2676} INFO - Sync 1 DAGs
[2023-02-21T09:33:03.553+0000] {logging_mixin.py:137} INFO - [2023-02-21T09:33:03.553+0000] {dag.py:3427} INFO - Setting next_dagrun for uk_accidents_etl_pipeline to None, run_after=None
[2023-02-21T09:33:03.631+0000] {processor.py:175} INFO - Processing /opt/airflow/dags/milestone_3.py took 7.837 seconds
[2023-02-21T09:33:34.031+0000] {processor.py:153} INFO - Started process (PID=813) to work on /opt/airflow/dags/milestone_3.py
[2023-02-21T09:33:34.032+0000] {processor.py:743} INFO - Processing file /opt/airflow/dags/milestone_3.py for tasks to queue
[2023-02-21T09:33:34.034+0000] {logging_mixin.py:137} INFO - [2023-02-21T09:33:34.033+0000] {dagbag.py:538} INFO - Filling up the DagBag from /opt/airflow/dags/milestone_3.py
[2023-02-21T09:33:40.418+0000] {processor.py:753} INFO - DAG(s) dict_keys(['uk_accidents_etl_pipeline']) retrieved from /opt/airflow/dags/milestone_3.py
[2023-02-21T09:33:40.517+0000] {logging_mixin.py:137} INFO - [2023-02-21T09:33:40.516+0000] {dag.py:2676} INFO - Sync 1 DAGs
[2023-02-21T09:33:40.581+0000] {logging_mixin.py:137} INFO - [2023-02-21T09:33:40.581+0000] {dag.py:3427} INFO - Setting next_dagrun for uk_accidents_etl_pipeline to None, run_after=None
[2023-02-21T09:33:40.656+0000] {processor.py:175} INFO - Processing /opt/airflow/dags/milestone_3.py took 6.633 seconds
[2023-02-21T09:34:11.042+0000] {processor.py:153} INFO - Started process (PID=846) to work on /opt/airflow/dags/milestone_3.py
[2023-02-21T09:34:11.043+0000] {processor.py:743} INFO - Processing file /opt/airflow/dags/milestone_3.py for tasks to queue
[2023-02-21T09:34:11.045+0000] {logging_mixin.py:137} INFO - [2023-02-21T09:34:11.044+0000] {dagbag.py:538} INFO - Filling up the DagBag from /opt/airflow/dags/milestone_3.py
[2023-02-21T09:34:17.418+0000] {processor.py:753} INFO - DAG(s) dict_keys(['uk_accidents_etl_pipeline']) retrieved from /opt/airflow/dags/milestone_3.py
[2023-02-21T09:34:17.512+0000] {logging_mixin.py:137} INFO - [2023-02-21T09:34:17.511+0000] {dag.py:2676} INFO - Sync 1 DAGs
[2023-02-21T09:34:17.672+0000] {logging_mixin.py:137} INFO - [2023-02-21T09:34:17.672+0000] {dag.py:3427} INFO - Setting next_dagrun for uk_accidents_etl_pipeline to None, run_after=None
[2023-02-21T09:34:17.785+0000] {processor.py:175} INFO - Processing /opt/airflow/dags/milestone_3.py took 6.761 seconds
[2023-02-21T09:34:48.167+0000] {processor.py:153} INFO - Started process (PID=878) to work on /opt/airflow/dags/milestone_3.py
[2023-02-21T09:34:48.171+0000] {processor.py:743} INFO - Processing file /opt/airflow/dags/milestone_3.py for tasks to queue
[2023-02-21T09:34:48.173+0000] {logging_mixin.py:137} INFO - [2023-02-21T09:34:48.172+0000] {dagbag.py:538} INFO - Filling up the DagBag from /opt/airflow/dags/milestone_3.py
[2023-02-21T09:34:56.179+0000] {processor.py:753} INFO - DAG(s) dict_keys(['uk_accidents_etl_pipeline']) retrieved from /opt/airflow/dags/milestone_3.py
[2023-02-21T09:34:56.281+0000] {logging_mixin.py:137} INFO - [2023-02-21T09:34:56.279+0000] {dag.py:2676} INFO - Sync 1 DAGs
[2023-02-21T09:34:56.347+0000] {logging_mixin.py:137} INFO - [2023-02-21T09:34:56.345+0000] {dag.py:3427} INFO - Setting next_dagrun for uk_accidents_etl_pipeline to None, run_after=None
[2023-02-21T09:34:56.440+0000] {processor.py:175} INFO - Processing /opt/airflow/dags/milestone_3.py took 8.283 seconds
[2023-02-21T09:35:26.914+0000] {processor.py:153} INFO - Started process (PID=913) to work on /opt/airflow/dags/milestone_3.py
[2023-02-21T09:35:26.917+0000] {processor.py:743} INFO - Processing file /opt/airflow/dags/milestone_3.py for tasks to queue
[2023-02-21T09:35:26.920+0000] {logging_mixin.py:137} INFO - [2023-02-21T09:35:26.919+0000] {dagbag.py:538} INFO - Filling up the DagBag from /opt/airflow/dags/milestone_3.py
[2023-02-21T09:35:35.427+0000] {processor.py:753} INFO - DAG(s) dict_keys(['uk_accidents_etl_pipeline']) retrieved from /opt/airflow/dags/milestone_3.py
[2023-02-21T09:35:35.648+0000] {logging_mixin.py:137} INFO - [2023-02-21T09:35:35.637+0000] {dag.py:2676} INFO - Sync 1 DAGs
[2023-02-21T09:35:35.789+0000] {logging_mixin.py:137} INFO - [2023-02-21T09:35:35.788+0000] {dag.py:3427} INFO - Setting next_dagrun for uk_accidents_etl_pipeline to None, run_after=None
[2023-02-21T09:35:35.878+0000] {processor.py:175} INFO - Processing /opt/airflow/dags/milestone_3.py took 8.969 seconds
[2023-02-21T09:36:06.325+0000] {processor.py:153} INFO - Started process (PID=943) to work on /opt/airflow/dags/milestone_3.py
[2023-02-21T09:36:06.330+0000] {processor.py:743} INFO - Processing file /opt/airflow/dags/milestone_3.py for tasks to queue
[2023-02-21T09:36:06.340+0000] {logging_mixin.py:137} INFO - [2023-02-21T09:36:06.338+0000] {dagbag.py:538} INFO - Filling up the DagBag from /opt/airflow/dags/milestone_3.py
[2023-02-21T09:36:12.964+0000] {processor.py:753} INFO - DAG(s) dict_keys(['uk_accidents_etl_pipeline']) retrieved from /opt/airflow/dags/milestone_3.py
[2023-02-21T09:36:13.029+0000] {logging_mixin.py:137} INFO - [2023-02-21T09:36:13.028+0000] {dag.py:2676} INFO - Sync 1 DAGs
[2023-02-21T09:36:13.143+0000] {logging_mixin.py:137} INFO - [2023-02-21T09:36:13.143+0000] {dag.py:3427} INFO - Setting next_dagrun for uk_accidents_etl_pipeline to None, run_after=None
[2023-02-21T09:36:13.224+0000] {processor.py:175} INFO - Processing /opt/airflow/dags/milestone_3.py took 6.949 seconds
[2023-02-21T09:36:43.825+0000] {processor.py:153} INFO - Started process (PID=984) to work on /opt/airflow/dags/milestone_3.py
[2023-02-21T09:36:43.827+0000] {processor.py:743} INFO - Processing file /opt/airflow/dags/milestone_3.py for tasks to queue
[2023-02-21T09:36:43.829+0000] {logging_mixin.py:137} INFO - [2023-02-21T09:36:43.828+0000] {dagbag.py:538} INFO - Filling up the DagBag from /opt/airflow/dags/milestone_3.py
[2023-02-21T09:36:50.440+0000] {processor.py:753} INFO - DAG(s) dict_keys(['uk_accidents_etl_pipeline']) retrieved from /opt/airflow/dags/milestone_3.py
[2023-02-21T09:36:50.540+0000] {logging_mixin.py:137} INFO - [2023-02-21T09:36:50.539+0000] {dag.py:2676} INFO - Sync 1 DAGs
[2023-02-21T09:36:50.589+0000] {logging_mixin.py:137} INFO - [2023-02-21T09:36:50.589+0000] {dag.py:3427} INFO - Setting next_dagrun for uk_accidents_etl_pipeline to None, run_after=None
[2023-02-21T09:36:50.639+0000] {processor.py:175} INFO - Processing /opt/airflow/dags/milestone_3.py took 6.820 seconds
[2023-02-21T09:37:20.965+0000] {processor.py:153} INFO - Started process (PID=1016) to work on /opt/airflow/dags/milestone_3.py
[2023-02-21T09:37:20.967+0000] {processor.py:743} INFO - Processing file /opt/airflow/dags/milestone_3.py for tasks to queue
[2023-02-21T09:37:20.969+0000] {logging_mixin.py:137} INFO - [2023-02-21T09:37:20.969+0000] {dagbag.py:538} INFO - Filling up the DagBag from /opt/airflow/dags/milestone_3.py
[2023-02-21T09:37:28.325+0000] {processor.py:753} INFO - DAG(s) dict_keys(['uk_accidents_etl_pipeline']) retrieved from /opt/airflow/dags/milestone_3.py
[2023-02-21T09:37:28.535+0000] {logging_mixin.py:137} INFO - [2023-02-21T09:37:28.529+0000] {dag.py:2676} INFO - Sync 1 DAGs
[2023-02-21T09:37:28.715+0000] {logging_mixin.py:137} INFO - [2023-02-21T09:37:28.714+0000] {dag.py:3427} INFO - Setting next_dagrun for uk_accidents_etl_pipeline to None, run_after=None
[2023-02-21T09:37:28.800+0000] {processor.py:175} INFO - Processing /opt/airflow/dags/milestone_3.py took 7.839 seconds
[2023-02-21T09:37:59.199+0000] {processor.py:153} INFO - Started process (PID=1051) to work on /opt/airflow/dags/milestone_3.py
[2023-02-21T09:37:59.201+0000] {processor.py:743} INFO - Processing file /opt/airflow/dags/milestone_3.py for tasks to queue
[2023-02-21T09:37:59.203+0000] {logging_mixin.py:137} INFO - [2023-02-21T09:37:59.203+0000] {dagbag.py:538} INFO - Filling up the DagBag from /opt/airflow/dags/milestone_3.py
[2023-02-21T09:38:07.285+0000] {processor.py:753} INFO - DAG(s) dict_keys(['uk_accidents_etl_pipeline']) retrieved from /opt/airflow/dags/milestone_3.py
[2023-02-21T09:38:07.352+0000] {logging_mixin.py:137} INFO - [2023-02-21T09:38:07.351+0000] {dag.py:2676} INFO - Sync 1 DAGs
[2023-02-21T09:38:07.390+0000] {logging_mixin.py:137} INFO - [2023-02-21T09:38:07.390+0000] {dag.py:3427} INFO - Setting next_dagrun for uk_accidents_etl_pipeline to None, run_after=None
[2023-02-21T09:38:07.424+0000] {processor.py:175} INFO - Processing /opt/airflow/dags/milestone_3.py took 8.232 seconds
[2023-02-21T09:38:37.875+0000] {processor.py:153} INFO - Started process (PID=1083) to work on /opt/airflow/dags/milestone_3.py
[2023-02-21T09:38:37.878+0000] {processor.py:743} INFO - Processing file /opt/airflow/dags/milestone_3.py for tasks to queue
[2023-02-21T09:38:37.884+0000] {logging_mixin.py:137} INFO - [2023-02-21T09:38:37.882+0000] {dagbag.py:538} INFO - Filling up the DagBag from /opt/airflow/dags/milestone_3.py
[2023-02-21T09:38:45.187+0000] {processor.py:753} INFO - DAG(s) dict_keys(['uk_accidents_etl_pipeline']) retrieved from /opt/airflow/dags/milestone_3.py
[2023-02-21T09:38:45.310+0000] {logging_mixin.py:137} INFO - [2023-02-21T09:38:45.309+0000] {dag.py:2676} INFO - Sync 1 DAGs
[2023-02-21T09:38:45.466+0000] {logging_mixin.py:137} INFO - [2023-02-21T09:38:45.466+0000] {dag.py:3427} INFO - Setting next_dagrun for uk_accidents_etl_pipeline to None, run_after=None
[2023-02-21T09:38:45.606+0000] {processor.py:175} INFO - Processing /opt/airflow/dags/milestone_3.py took 7.740 seconds
[2023-02-21T09:39:15.970+0000] {processor.py:153} INFO - Started process (PID=1115) to work on /opt/airflow/dags/milestone_3.py
[2023-02-21T09:39:15.972+0000] {processor.py:743} INFO - Processing file /opt/airflow/dags/milestone_3.py for tasks to queue
[2023-02-21T09:39:15.974+0000] {logging_mixin.py:137} INFO - [2023-02-21T09:39:15.973+0000] {dagbag.py:538} INFO - Filling up the DagBag from /opt/airflow/dags/milestone_3.py
[2023-02-21T09:39:22.960+0000] {processor.py:753} INFO - DAG(s) dict_keys(['uk_accidents_etl_pipeline']) retrieved from /opt/airflow/dags/milestone_3.py
[2023-02-21T09:39:23.046+0000] {logging_mixin.py:137} INFO - [2023-02-21T09:39:23.044+0000] {dag.py:2676} INFO - Sync 1 DAGs
[2023-02-21T09:39:23.124+0000] {logging_mixin.py:137} INFO - [2023-02-21T09:39:23.123+0000] {dag.py:3427} INFO - Setting next_dagrun for uk_accidents_etl_pipeline to None, run_after=None
[2023-02-21T09:39:23.201+0000] {processor.py:175} INFO - Processing /opt/airflow/dags/milestone_3.py took 7.237 seconds
[2023-02-21T09:39:53.431+0000] {processor.py:153} INFO - Started process (PID=1147) to work on /opt/airflow/dags/milestone_3.py
[2023-02-21T09:39:53.436+0000] {processor.py:743} INFO - Processing file /opt/airflow/dags/milestone_3.py for tasks to queue
[2023-02-21T09:39:53.441+0000] {logging_mixin.py:137} INFO - [2023-02-21T09:39:53.440+0000] {dagbag.py:538} INFO - Filling up the DagBag from /opt/airflow/dags/milestone_3.py
[2023-02-21T09:40:00.458+0000] {processor.py:753} INFO - DAG(s) dict_keys(['uk_accidents_etl_pipeline']) retrieved from /opt/airflow/dags/milestone_3.py
[2023-02-21T09:40:00.572+0000] {logging_mixin.py:137} INFO - [2023-02-21T09:40:00.571+0000] {dag.py:2676} INFO - Sync 1 DAGs
[2023-02-21T09:40:00.754+0000] {logging_mixin.py:137} INFO - [2023-02-21T09:40:00.754+0000] {dag.py:3427} INFO - Setting next_dagrun for uk_accidents_etl_pipeline to None, run_after=None
[2023-02-21T09:40:00.865+0000] {processor.py:175} INFO - Processing /opt/airflow/dags/milestone_3.py took 7.460 seconds
[2023-02-21T09:49:30.392+0000] {processor.py:153} INFO - Started process (PID=191) to work on /opt/airflow/dags/milestone_3.py
[2023-02-21T09:49:30.404+0000] {processor.py:743} INFO - Processing file /opt/airflow/dags/milestone_3.py for tasks to queue
[2023-02-21T09:49:30.407+0000] {logging_mixin.py:137} INFO - [2023-02-21T09:49:30.407+0000] {dagbag.py:538} INFO - Filling up the DagBag from /opt/airflow/dags/milestone_3.py
[2023-02-21T09:50:00.397+0000] {logging_mixin.py:137} INFO - [2023-02-21T09:50:00.394+0000] {timeout.py:68} ERROR - Process timed out, PID: 191
[2023-02-21T09:50:00.486+0000] {logging_mixin.py:137} INFO - [2023-02-21T09:50:00.399+0000] {dagbag.py:343} ERROR - Failed to import: /opt/airflow/dags/milestone_3.py
Traceback (most recent call last):
  File "<frozen importlib._bootstrap_external>", line 1219, in _path_importer_cache
KeyError: '/home/airflow/.local/lib/python3.7/site-packages/jedi/inference/compiled'

During handling of the above exception, another exception occurred:

Traceback (most recent call last):
  File "/home/airflow/.local/lib/python3.7/site-packages/airflow/models/dagbag.py", line 339, in parse
    loader.exec_module(new_module)
  File "<frozen importlib._bootstrap_external>", line 728, in exec_module
  File "<frozen importlib._bootstrap>", line 219, in _call_with_frames_removed
  File "/opt/airflow/dags/milestone_3.py", line 6, in <module>
    from milestone_1 import clean_and_transform
  File "/opt/airflow/dags/milestone_1.py", line 8, in <module>
    from IPython.display import display
  File "/home/airflow/.local/lib/python3.7/site-packages/IPython/__init__.py", line 56, in <module>
    from .terminal.embed import embed
  File "/home/airflow/.local/lib/python3.7/site-packages/IPython/terminal/embed.py", line 16, in <module>
    from IPython.terminal.interactiveshell import TerminalInteractiveShell
  File "/home/airflow/.local/lib/python3.7/site-packages/IPython/terminal/interactiveshell.py", line 35, in <module>
    from .debugger import TerminalPdb, Pdb
  File "/home/airflow/.local/lib/python3.7/site-packages/IPython/terminal/debugger.py", line 6, in <module>
    from IPython.core.completer import IPCompleter
  File "/home/airflow/.local/lib/python3.7/site-packages/IPython/core/completer.py", line 146, in <module>
    import jedi
  File "/home/airflow/.local/lib/python3.7/site-packages/jedi/__init__.py", line 32, in <module>
    from jedi.api import Script, Interpreter, set_debug_function, preload_module
  File "/home/airflow/.local/lib/python3.7/site-packages/jedi/api/__init__.py", line 21, in <module>
    from jedi.api import classes
  File "/home/airflow/.local/lib/python3.7/site-packages/jedi/api/classes.py", line 24, in <module>
    from jedi.inference.utils import unite
  File "/home/airflow/.local/lib/python3.7/site-packages/jedi/inference/__init__.py", line 70, in <module>
    from jedi.inference import imports
  File "/home/airflow/.local/lib/python3.7/site-packages/jedi/inference/imports.py", line 23, in <module>
    from jedi.inference import compiled
  File "/home/airflow/.local/lib/python3.7/site-packages/jedi/inference/compiled/__init__.py", line 4, in <module>
    from jedi.inference.compiled.value import CompiledValue, CompiledName, \
  File "<frozen importlib._bootstrap>", line 983, in _find_and_load
  File "<frozen importlib._bootstrap>", line 963, in _find_and_load_unlocked
  File "<frozen importlib._bootstrap>", line 906, in _find_spec
  File "<frozen importlib._bootstrap_external>", line 1280, in find_spec
  File "<frozen importlib._bootstrap_external>", line 1249, in _get_spec
  File "<frozen importlib._bootstrap_external>", line 1221, in _path_importer_cache
  File "<frozen importlib._bootstrap_external>", line 1197, in _path_hooks
  File "<frozen importlib._bootstrap_external>", line 1447, in path_hook_for_FileFinder
  File "<frozen importlib._bootstrap_external>", line 102, in _path_isdir
  File "<frozen importlib._bootstrap_external>", line 90, in _path_is_mode_type
  File "/home/airflow/.local/lib/python3.7/site-packages/airflow/utils/timeout.py", line 69, in handle_timeout
    raise AirflowTaskTimeout(self.error_message)
airflow.exceptions.AirflowTaskTimeout: DagBag import timeout for /opt/airflow/dags/milestone_3.py after 30.0s.
Please take a look at these docs to improve your DAG import time:
* https://airflow.apache.org/docs/apache-airflow/2.5.0/best-practices.html#top-level-python-code
* https://airflow.apache.org/docs/apache-airflow/2.5.0/best-practices.html#reducing-dag-complexity, PID: 191
[2023-02-21T09:50:00.799+0000] {processor.py:755} WARNING - No viable dags retrieved from /opt/airflow/dags/milestone_3.py
[2023-02-21T09:50:00.906+0000] {processor.py:175} INFO - Processing /opt/airflow/dags/milestone_3.py took 30.551 seconds
[2023-02-21T09:50:31.463+0000] {processor.py:153} INFO - Started process (PID=243) to work on /opt/airflow/dags/milestone_3.py
[2023-02-21T09:50:31.771+0000] {processor.py:743} INFO - Processing file /opt/airflow/dags/milestone_3.py for tasks to queue
[2023-02-21T09:50:31.773+0000] {logging_mixin.py:137} INFO - [2023-02-21T09:50:31.772+0000] {dagbag.py:538} INFO - Filling up the DagBag from /opt/airflow/dags/milestone_3.py
[2023-02-21T09:50:41.954+0000] {processor.py:753} INFO - DAG(s) dict_keys(['uk_accidents_etl_pipeline']) retrieved from /opt/airflow/dags/milestone_3.py
[2023-02-21T09:50:42.327+0000] {logging_mixin.py:137} INFO - [2023-02-21T09:50:42.321+0000] {dag.py:2676} INFO - Sync 1 DAGs
[2023-02-21T09:50:42.451+0000] {logging_mixin.py:137} INFO - [2023-02-21T09:50:42.450+0000] {dag.py:3427} INFO - Setting next_dagrun for uk_accidents_etl_pipeline to None, run_after=None
[2023-02-21T09:50:42.552+0000] {processor.py:175} INFO - Processing /opt/airflow/dags/milestone_3.py took 11.095 seconds
[2023-02-21T09:51:12.843+0000] {processor.py:153} INFO - Started process (PID=279) to work on /opt/airflow/dags/milestone_3.py
[2023-02-21T09:51:12.844+0000] {processor.py:743} INFO - Processing file /opt/airflow/dags/milestone_3.py for tasks to queue
[2023-02-21T09:51:12.845+0000] {logging_mixin.py:137} INFO - [2023-02-21T09:51:12.845+0000] {dagbag.py:538} INFO - Filling up the DagBag from /opt/airflow/dags/milestone_3.py
[2023-02-21T09:51:18.400+0000] {processor.py:753} INFO - DAG(s) dict_keys(['uk_accidents_etl_pipeline']) retrieved from /opt/airflow/dags/milestone_3.py
[2023-02-21T09:51:18.473+0000] {logging_mixin.py:137} INFO - [2023-02-21T09:51:18.472+0000] {dag.py:2676} INFO - Sync 1 DAGs
[2023-02-21T09:51:18.520+0000] {logging_mixin.py:137} INFO - [2023-02-21T09:51:18.520+0000] {dag.py:3427} INFO - Setting next_dagrun for uk_accidents_etl_pipeline to None, run_after=None
[2023-02-21T09:51:18.596+0000] {processor.py:175} INFO - Processing /opt/airflow/dags/milestone_3.py took 5.759 seconds
[2023-02-21T09:51:49.232+0000] {processor.py:153} INFO - Started process (PID=311) to work on /opt/airflow/dags/milestone_3.py
[2023-02-21T09:51:49.234+0000] {processor.py:743} INFO - Processing file /opt/airflow/dags/milestone_3.py for tasks to queue
[2023-02-21T09:51:49.236+0000] {logging_mixin.py:137} INFO - [2023-02-21T09:51:49.235+0000] {dagbag.py:538} INFO - Filling up the DagBag from /opt/airflow/dags/milestone_3.py
[2023-02-21T09:51:55.950+0000] {processor.py:753} INFO - DAG(s) dict_keys(['uk_accidents_etl_pipeline']) retrieved from /opt/airflow/dags/milestone_3.py
[2023-02-21T09:51:56.034+0000] {logging_mixin.py:137} INFO - [2023-02-21T09:51:56.033+0000] {dag.py:2676} INFO - Sync 1 DAGs
[2023-02-21T09:51:56.128+0000] {logging_mixin.py:137} INFO - [2023-02-21T09:51:56.128+0000] {dag.py:3427} INFO - Setting next_dagrun for uk_accidents_etl_pipeline to None, run_after=None
[2023-02-21T09:51:56.197+0000] {processor.py:175} INFO - Processing /opt/airflow/dags/milestone_3.py took 6.973 seconds
[2023-02-21T09:52:26.807+0000] {processor.py:153} INFO - Started process (PID=344) to work on /opt/airflow/dags/milestone_3.py
[2023-02-21T09:52:26.814+0000] {processor.py:743} INFO - Processing file /opt/airflow/dags/milestone_3.py for tasks to queue
[2023-02-21T09:52:26.830+0000] {logging_mixin.py:137} INFO - [2023-02-21T09:52:26.826+0000] {dagbag.py:538} INFO - Filling up the DagBag from /opt/airflow/dags/milestone_3.py
[2023-02-21T09:52:34.979+0000] {processor.py:753} INFO - DAG(s) dict_keys(['uk_accidents_etl_pipeline']) retrieved from /opt/airflow/dags/milestone_3.py
[2023-02-21T09:52:35.054+0000] {logging_mixin.py:137} INFO - [2023-02-21T09:52:35.053+0000] {dag.py:2676} INFO - Sync 1 DAGs
[2023-02-21T09:52:35.110+0000] {logging_mixin.py:137} INFO - [2023-02-21T09:52:35.110+0000] {dag.py:3427} INFO - Setting next_dagrun for uk_accidents_etl_pipeline to None, run_after=None
[2023-02-21T09:52:35.192+0000] {processor.py:175} INFO - Processing /opt/airflow/dags/milestone_3.py took 8.397 seconds
[2023-02-21T09:53:05.595+0000] {processor.py:153} INFO - Started process (PID=376) to work on /opt/airflow/dags/milestone_3.py
[2023-02-21T09:53:07.494+0000] {processor.py:743} INFO - Processing file /opt/airflow/dags/milestone_3.py for tasks to queue
[2023-02-21T09:53:07.496+0000] {logging_mixin.py:137} INFO - [2023-02-21T09:53:07.496+0000] {dagbag.py:538} INFO - Filling up the DagBag from /opt/airflow/dags/milestone_3.py
[2023-02-21T09:53:16.054+0000] {processor.py:753} INFO - DAG(s) dict_keys(['uk_accidents_etl_pipeline']) retrieved from /opt/airflow/dags/milestone_3.py
[2023-02-21T09:53:16.127+0000] {logging_mixin.py:137} INFO - [2023-02-21T09:53:16.127+0000] {dag.py:2676} INFO - Sync 1 DAGs
[2023-02-21T09:53:16.198+0000] {logging_mixin.py:137} INFO - [2023-02-21T09:53:16.198+0000] {dag.py:3427} INFO - Setting next_dagrun for uk_accidents_etl_pipeline to None, run_after=None
[2023-02-21T09:53:16.266+0000] {processor.py:175} INFO - Processing /opt/airflow/dags/milestone_3.py took 10.678 seconds
[2023-02-21T09:53:46.567+0000] {processor.py:153} INFO - Started process (PID=416) to work on /opt/airflow/dags/milestone_3.py
[2023-02-21T09:53:46.569+0000] {processor.py:743} INFO - Processing file /opt/airflow/dags/milestone_3.py for tasks to queue
[2023-02-21T09:53:46.571+0000] {logging_mixin.py:137} INFO - [2023-02-21T09:53:46.571+0000] {dagbag.py:538} INFO - Filling up the DagBag from /opt/airflow/dags/milestone_3.py
[2023-02-21T09:53:52.021+0000] {processor.py:753} INFO - DAG(s) dict_keys(['uk_accidents_etl_pipeline']) retrieved from /opt/airflow/dags/milestone_3.py
[2023-02-21T09:53:52.170+0000] {logging_mixin.py:137} INFO - [2023-02-21T09:53:52.166+0000] {dag.py:2676} INFO - Sync 1 DAGs
[2023-02-21T09:53:52.276+0000] {logging_mixin.py:137} INFO - [2023-02-21T09:53:52.276+0000] {dag.py:3427} INFO - Setting next_dagrun for uk_accidents_etl_pipeline to None, run_after=None
[2023-02-21T09:53:52.521+0000] {processor.py:175} INFO - Processing /opt/airflow/dags/milestone_3.py took 5.960 seconds
[2023-02-21T09:54:22.837+0000] {processor.py:153} INFO - Started process (PID=449) to work on /opt/airflow/dags/milestone_3.py
[2023-02-21T09:54:22.838+0000] {processor.py:743} INFO - Processing file /opt/airflow/dags/milestone_3.py for tasks to queue
[2023-02-21T09:54:22.842+0000] {logging_mixin.py:137} INFO - [2023-02-21T09:54:22.842+0000] {dagbag.py:538} INFO - Filling up the DagBag from /opt/airflow/dags/milestone_3.py
[2023-02-21T09:54:29.441+0000] {processor.py:753} INFO - DAG(s) dict_keys(['uk_accidents_etl_pipeline']) retrieved from /opt/airflow/dags/milestone_3.py
[2023-02-21T09:54:29.634+0000] {logging_mixin.py:137} INFO - [2023-02-21T09:54:29.632+0000] {dag.py:2676} INFO - Sync 1 DAGs
[2023-02-21T09:54:29.688+0000] {logging_mixin.py:137} INFO - [2023-02-21T09:54:29.688+0000] {dag.py:3427} INFO - Setting next_dagrun for uk_accidents_etl_pipeline to None, run_after=None
[2023-02-21T09:54:29.795+0000] {processor.py:175} INFO - Processing /opt/airflow/dags/milestone_3.py took 6.965 seconds
[2023-02-21T09:55:00.541+0000] {processor.py:153} INFO - Started process (PID=483) to work on /opt/airflow/dags/milestone_3.py
[2023-02-21T09:55:00.556+0000] {processor.py:743} INFO - Processing file /opt/airflow/dags/milestone_3.py for tasks to queue
[2023-02-21T09:55:00.563+0000] {logging_mixin.py:137} INFO - [2023-02-21T09:55:00.562+0000] {dagbag.py:538} INFO - Filling up the DagBag from /opt/airflow/dags/milestone_3.py
[2023-02-21T09:55:10.506+0000] {processor.py:753} INFO - DAG(s) dict_keys(['uk_accidents_etl_pipeline']) retrieved from /opt/airflow/dags/milestone_3.py
[2023-02-21T09:55:10.620+0000] {logging_mixin.py:137} INFO - [2023-02-21T09:55:10.619+0000] {dag.py:2676} INFO - Sync 1 DAGs
[2023-02-21T09:55:10.728+0000] {logging_mixin.py:137} INFO - [2023-02-21T09:55:10.727+0000] {dag.py:3427} INFO - Setting next_dagrun for uk_accidents_etl_pipeline to None, run_after=None
[2023-02-21T09:55:10.794+0000] {processor.py:175} INFO - Processing /opt/airflow/dags/milestone_3.py took 10.271 seconds
[2023-02-21T09:55:41.525+0000] {processor.py:153} INFO - Started process (PID=518) to work on /opt/airflow/dags/milestone_3.py
[2023-02-21T09:55:43.432+0000] {processor.py:743} INFO - Processing file /opt/airflow/dags/milestone_3.py for tasks to queue
[2023-02-21T09:55:43.434+0000] {logging_mixin.py:137} INFO - [2023-02-21T09:55:43.434+0000] {dagbag.py:538} INFO - Filling up the DagBag from /opt/airflow/dags/milestone_3.py
[2023-02-21T09:55:49.177+0000] {processor.py:753} INFO - DAG(s) dict_keys(['uk_accidents_etl_pipeline']) retrieved from /opt/airflow/dags/milestone_3.py
[2023-02-21T09:55:49.248+0000] {logging_mixin.py:137} INFO - [2023-02-21T09:55:49.247+0000] {dag.py:2676} INFO - Sync 1 DAGs
[2023-02-21T09:55:49.315+0000] {logging_mixin.py:137} INFO - [2023-02-21T09:55:49.315+0000] {dag.py:3427} INFO - Setting next_dagrun for uk_accidents_etl_pipeline to None, run_after=None
[2023-02-21T09:55:49.363+0000] {processor.py:175} INFO - Processing /opt/airflow/dags/milestone_3.py took 7.849 seconds
