[2023-01-02T23:36:58.274+0000] {taskinstance.py:1087} INFO - Dependencies all met for <TaskInstance: uk_accidents_etl_pipeline.milestone_2 manual__2023-01-02T23:34:45.102029+00:00 [queued]>
[2023-01-02T23:36:58.332+0000] {taskinstance.py:1087} INFO - Dependencies all met for <TaskInstance: uk_accidents_etl_pipeline.milestone_2 manual__2023-01-02T23:34:45.102029+00:00 [queued]>
[2023-01-02T23:36:58.333+0000] {taskinstance.py:1283} INFO - 
--------------------------------------------------------------------------------
[2023-01-02T23:36:58.334+0000] {taskinstance.py:1284} INFO - Starting attempt 1 of 2
[2023-01-02T23:36:58.334+0000] {taskinstance.py:1285} INFO - 
--------------------------------------------------------------------------------
[2023-01-02T23:36:58.435+0000] {taskinstance.py:1304} INFO - Executing <Task(PythonOperator): milestone_2> on 2023-01-02 23:34:45.102029+00:00
[2023-01-02T23:36:58.456+0000] {standard_task_runner.py:55} INFO - Started process 410 to run task
[2023-01-02T23:36:58.474+0000] {standard_task_runner.py:82} INFO - Running: ['***', 'tasks', 'run', 'uk_accidents_etl_pipeline', 'milestone_2', 'manual__2023-01-02T23:34:45.102029+00:00', '--job-id', '13', '--raw', '--subdir', 'DAGS_FOLDER/milestone_3.py', '--cfg-path', '/tmp/tmps8amti3b']
[2023-01-02T23:36:58.479+0000] {standard_task_runner.py:83} INFO - Job 13: Subtask milestone_2
[2023-01-02T23:36:58.776+0000] {task_command.py:389} INFO - Running <TaskInstance: uk_accidents_etl_pipeline.milestone_2 manual__2023-01-02T23:34:45.102029+00:00 [running]> on host 82068c2abeb3
[2023-01-02T23:36:59.195+0000] {taskinstance.py:1513} INFO - Exporting the following env vars:
AIRFLOW_CTX_DAG_OWNER=***
AIRFLOW_CTX_DAG_ID=uk_accidents_etl_pipeline
AIRFLOW_CTX_TASK_ID=milestone_2
AIRFLOW_CTX_EXECUTION_DATE=2023-01-02T23:34:45.102029+00:00
AIRFLOW_CTX_TRY_NUMBER=1
AIRFLOW_CTX_DAG_RUN_ID=manual__2023-01-02T23:34:45.102029+00:00
[2023-01-02T23:38:15.794+0000] {python.py:177} INFO - Done. Returned value was: None
[2023-01-02T23:38:15.845+0000] {taskinstance.py:1327} INFO - Marking task as SUCCESS. dag_id=uk_accidents_etl_pipeline, task_id=milestone_2, execution_date=20230102T233445, start_date=20230102T233658, end_date=20230102T233815
[2023-01-02T23:38:16.052+0000] {local_task_job.py:159} INFO - Task exited with return code 0
[2023-01-02T23:38:16.253+0000] {taskinstance.py:2582} INFO - 1 downstream tasks scheduled from follow-on schedule check
