[2023-01-03T00:01:50.120+0000] {taskinstance.py:1087} INFO - Dependencies all met for <TaskInstance: uk_accidents_etl_pipeline.create_dashboard manual__2023-01-02T23:53:19.341738+00:00 [queued]>
[2023-01-03T00:01:50.255+0000] {taskinstance.py:1087} INFO - Dependencies all met for <TaskInstance: uk_accidents_etl_pipeline.create_dashboard manual__2023-01-02T23:53:19.341738+00:00 [queued]>
[2023-01-03T00:01:50.258+0000] {taskinstance.py:1283} INFO - 
--------------------------------------------------------------------------------
[2023-01-03T00:01:50.260+0000] {taskinstance.py:1284} INFO - Starting attempt 1 of 2
[2023-01-03T00:01:50.261+0000] {taskinstance.py:1285} INFO - 
--------------------------------------------------------------------------------
[2023-01-03T00:01:50.413+0000] {taskinstance.py:1304} INFO - Executing <Task(PythonOperator): create_dashboard> on 2023-01-02 23:53:19.341738+00:00
[2023-01-03T00:01:50.437+0000] {standard_task_runner.py:55} INFO - Started process 1746 to run task
[2023-01-03T00:01:50.446+0000] {standard_task_runner.py:82} INFO - Running: ['***', 'tasks', 'run', 'uk_accidents_etl_pipeline', 'create_dashboard', 'manual__2023-01-02T23:53:19.341738+00:00', '--job-id', '25', '--raw', '--subdir', 'DAGS_FOLDER/milestone_3.py', '--cfg-path', '/tmp/tmpuha3758r']
[2023-01-03T00:01:50.450+0000] {standard_task_runner.py:83} INFO - Job 25: Subtask create_dashboard
[2023-01-03T00:01:50.658+0000] {task_command.py:389} INFO - Running <TaskInstance: uk_accidents_etl_pipeline.create_dashboard manual__2023-01-02T23:53:19.341738+00:00 [running]> on host 82068c2abeb3
[2023-01-03T00:01:51.142+0000] {taskinstance.py:1513} INFO - Exporting the following env vars:
AIRFLOW_CTX_DAG_OWNER=***
AIRFLOW_CTX_DAG_ID=uk_accidents_etl_pipeline
AIRFLOW_CTX_TASK_ID=create_dashboard
AIRFLOW_CTX_EXECUTION_DATE=2023-01-02T23:53:19.341738+00:00
AIRFLOW_CTX_TRY_NUMBER=1
AIRFLOW_CTX_DAG_RUN_ID=manual__2023-01-02T23:53:19.341738+00:00
[2023-01-03T00:02:11.687+0000] {logging_mixin.py:137} INFO - Dash is running on http://0.0.0.0:8050/
[2023-01-03T00:02:11.686+0000] {dash.py:1968} INFO - Dash is running on http://0.0.0.0:8050/

[2023-01-03T00:02:11.703+0000] {logging_mixin.py:137} INFO -  * Serving Flask app '***'
[2023-01-03T00:02:11.704+0000] {logging_mixin.py:137} INFO -  * Debug mode: off
[2023-01-03T00:02:11.712+0000] {logging_mixin.py:137} WARNING - Address already in use
[2023-01-03T00:02:11.718+0000] {logging_mixin.py:137} WARNING - Port 8050 is in use by another program. Either identify and stop that program, or start the server with a different port.
[2023-01-03T00:02:11.835+0000] {local_task_job.py:159} INFO - Task exited with return code 1
[2023-01-03T00:02:11.901+0000] {taskinstance.py:2582} INFO - 0 downstream tasks scheduled from follow-on schedule check
