[2023-01-05T12:17:31.922+0000] {taskinstance.py:1087} INFO - Dependencies all met for <TaskInstance: uk_accidents_etl_pipeline.milestone_1 manual__2023-01-05T12:17:22.287490+00:00 [queued]>
[2023-01-05T12:17:31.942+0000] {taskinstance.py:1087} INFO - Dependencies all met for <TaskInstance: uk_accidents_etl_pipeline.milestone_1 manual__2023-01-05T12:17:22.287490+00:00 [queued]>
[2023-01-05T12:17:31.943+0000] {taskinstance.py:1283} INFO - 
--------------------------------------------------------------------------------
[2023-01-05T12:17:31.943+0000] {taskinstance.py:1284} INFO - Starting attempt 1 of 2
[2023-01-05T12:17:31.944+0000] {taskinstance.py:1285} INFO - 
--------------------------------------------------------------------------------
[2023-01-05T12:17:32.020+0000] {taskinstance.py:1304} INFO - Executing <Task(PythonOperator): milestone_1> on 2023-01-05 12:17:22.287490+00:00
[2023-01-05T12:17:32.040+0000] {standard_task_runner.py:55} INFO - Started process 264 to run task
[2023-01-05T12:17:32.050+0000] {standard_task_runner.py:82} INFO - Running: ['***', 'tasks', 'run', 'uk_accidents_etl_pipeline', 'milestone_1', 'manual__2023-01-05T12:17:22.287490+00:00', '--job-id', '32', '--raw', '--subdir', 'DAGS_FOLDER/milestone_3.py', '--cfg-path', '/tmp/tmp5uzvs72r']
[2023-01-05T12:17:32.057+0000] {standard_task_runner.py:83} INFO - Job 32: Subtask milestone_1
[2023-01-05T12:17:32.257+0000] {task_command.py:389} INFO - Running <TaskInstance: uk_accidents_etl_pipeline.milestone_1 manual__2023-01-05T12:17:22.287490+00:00 [running]> on host ecc1437a0be2
[2023-01-05T12:17:32.565+0000] {taskinstance.py:1513} INFO - Exporting the following env vars:
AIRFLOW_CTX_DAG_OWNER=***
AIRFLOW_CTX_DAG_ID=uk_accidents_etl_pipeline
AIRFLOW_CTX_TASK_ID=milestone_1
AIRFLOW_CTX_EXECUTION_DATE=2023-01-05T12:17:22.287490+00:00
AIRFLOW_CTX_TRY_NUMBER=1
AIRFLOW_CTX_DAG_RUN_ID=manual__2023-01-05T12:17:22.287490+00:00
[2023-01-05T12:18:41.177+0000] {python.py:177} INFO - Done. Returned value was: None
[2023-01-05T12:18:41.207+0000] {taskinstance.py:1327} INFO - Marking task as SUCCESS. dag_id=uk_accidents_etl_pipeline, task_id=milestone_1, execution_date=20230105T121722, start_date=20230105T121731, end_date=20230105T121841
[2023-01-05T12:18:41.359+0000] {local_task_job.py:159} INFO - Task exited with return code 0
[2023-01-05T12:18:41.448+0000] {taskinstance.py:2582} INFO - 1 downstream tasks scheduled from follow-on schedule check
