[2023-01-02T23:57:34.170+0000] {taskinstance.py:1087} INFO - Dependencies all met for <TaskInstance: uk_accidents_etl_pipeline.create_dashboard manual__2023-01-02T23:54:40.991487+00:00 [queued]>
[2023-01-02T23:57:34.193+0000] {taskinstance.py:1087} INFO - Dependencies all met for <TaskInstance: uk_accidents_etl_pipeline.create_dashboard manual__2023-01-02T23:54:40.991487+00:00 [queued]>
[2023-01-02T23:57:34.195+0000] {taskinstance.py:1283} INFO - 
--------------------------------------------------------------------------------
[2023-01-02T23:57:34.197+0000] {taskinstance.py:1284} INFO - Starting attempt 1 of 2
[2023-01-02T23:57:34.197+0000] {taskinstance.py:1285} INFO - 
--------------------------------------------------------------------------------
[2023-01-02T23:57:34.250+0000] {taskinstance.py:1304} INFO - Executing <Task(PythonOperator): create_dashboard> on 2023-01-02 23:54:40.991487+00:00
[2023-01-02T23:57:34.263+0000] {standard_task_runner.py:55} INFO - Started process 1501 to run task
[2023-01-02T23:57:34.282+0000] {standard_task_runner.py:82} INFO - Running: ['***', 'tasks', 'run', 'uk_accidents_etl_pipeline', 'create_dashboard', 'manual__2023-01-02T23:54:40.991487+00:00', '--job-id', '21', '--raw', '--subdir', 'DAGS_FOLDER/milestone_3.py', '--cfg-path', '/tmp/tmpk6w3fejh']
[2023-01-02T23:57:34.285+0000] {standard_task_runner.py:83} INFO - Job 21: Subtask create_dashboard
[2023-01-02T23:57:34.487+0000] {task_command.py:389} INFO - Running <TaskInstance: uk_accidents_etl_pipeline.create_dashboard manual__2023-01-02T23:54:40.991487+00:00 [running]> on host 82068c2abeb3
[2023-01-02T23:57:34.716+0000] {taskinstance.py:1513} INFO - Exporting the following env vars:
AIRFLOW_CTX_DAG_OWNER=***
AIRFLOW_CTX_DAG_ID=uk_accidents_etl_pipeline
AIRFLOW_CTX_TASK_ID=create_dashboard
AIRFLOW_CTX_EXECUTION_DATE=2023-01-02T23:54:40.991487+00:00
AIRFLOW_CTX_TRY_NUMBER=1
AIRFLOW_CTX_DAG_RUN_ID=manual__2023-01-02T23:54:40.991487+00:00
[2023-01-02T23:57:56.373+0000] {logging_mixin.py:137} INFO - Dash is running on http://0.0.0.0:8050/
[2023-01-02T23:57:56.373+0000] {dash.py:1968} INFO - Dash is running on http://0.0.0.0:8050/

[2023-01-02T23:57:56.420+0000] {logging_mixin.py:137} INFO -  * Serving Flask app '***'
[2023-01-02T23:57:56.429+0000] {logging_mixin.py:137} INFO -  * Debug mode: off
[2023-01-02T23:57:56.449+0000] {logging_mixin.py:137} WARNING - Address already in use
[2023-01-02T23:57:56.451+0000] {logging_mixin.py:137} WARNING - Port 8050 is in use by another program. Either identify and stop that program, or start the server with a different port.
[2023-01-02T23:57:56.673+0000] {local_task_job.py:159} INFO - Task exited with return code 1
[2023-01-02T23:57:56.729+0000] {taskinstance.py:2582} INFO - 0 downstream tasks scheduled from follow-on schedule check
