[2023-01-02T18:20:16.128+0000] {processor.py:153} INFO - Started process (PID=178) to work on /opt/airflow/dags/milestone_3.py
[2023-01-02T18:20:16.150+0000] {processor.py:743} INFO - Processing file /opt/airflow/dags/milestone_3.py for tasks to queue
[2023-01-02T18:20:16.158+0000] {logging_mixin.py:137} INFO - [2023-01-02T18:20:16.157+0000] {dagbag.py:538} INFO - Filling up the DagBag from /opt/airflow/dags/milestone_3.py
[2023-01-02T18:20:21.644+0000] {logging_mixin.py:137} INFO - [2023-01-02T18:20:21.637+0000] {font_manager.py:1443} INFO - generated new fontManager
[2023-01-02T18:20:27.241+0000] {processor.py:753} INFO - DAG(s) dict_keys(['uk_accidents_etl_pipeline']) retrieved from /opt/airflow/dags/milestone_3.py
[2023-01-02T18:20:27.912+0000] {logging_mixin.py:137} INFO - [2023-01-02T18:20:27.912+0000] {manager.py:504} INFO - Created Permission View: can edit on DAG:uk_accidents_etl_pipeline
[2023-01-02T18:20:27.948+0000] {logging_mixin.py:137} INFO - [2023-01-02T18:20:27.948+0000] {manager.py:504} INFO - Created Permission View: can read on DAG:uk_accidents_etl_pipeline
[2023-01-02T18:20:27.990+0000] {logging_mixin.py:137} INFO - [2023-01-02T18:20:27.990+0000] {manager.py:504} INFO - Created Permission View: can delete on DAG:uk_accidents_etl_pipeline
[2023-01-02T18:20:27.992+0000] {logging_mixin.py:137} INFO - [2023-01-02T18:20:27.991+0000] {dag.py:2676} INFO - Sync 1 DAGs
[2023-01-02T18:20:28.019+0000] {logging_mixin.py:137} INFO - [2023-01-02T18:20:28.018+0000] {dag.py:2697} INFO - Creating ORM DAG for uk_accidents_etl_pipeline
[2023-01-02T18:20:28.039+0000] {logging_mixin.py:137} INFO - [2023-01-02T18:20:28.039+0000] {dag.py:3427} INFO - Setting next_dagrun for uk_accidents_etl_pipeline to 2022-12-31T00:00:00+00:00, run_after=2022-12-31T00:00:00+00:00
[2023-01-02T18:20:28.085+0000] {processor.py:175} INFO - Processing /opt/airflow/dags/milestone_3.py took 11.971 seconds
[2023-01-02T18:20:58.641+0000] {processor.py:153} INFO - Started process (PID=222) to work on /opt/airflow/dags/milestone_3.py
[2023-01-02T18:20:58.648+0000] {processor.py:743} INFO - Processing file /opt/airflow/dags/milestone_3.py for tasks to queue
[2023-01-02T18:20:58.650+0000] {logging_mixin.py:137} INFO - [2023-01-02T18:20:58.650+0000] {dagbag.py:538} INFO - Filling up the DagBag from /opt/airflow/dags/milestone_3.py
[2023-01-02T18:21:04.146+0000] {processor.py:753} INFO - DAG(s) dict_keys(['uk_accidents_etl_pipeline']) retrieved from /opt/airflow/dags/milestone_3.py
[2023-01-02T18:21:04.225+0000] {logging_mixin.py:137} INFO - [2023-01-02T18:21:04.222+0000] {dag.py:2676} INFO - Sync 1 DAGs
[2023-01-02T18:21:04.302+0000] {logging_mixin.py:137} INFO - [2023-01-02T18:21:04.302+0000] {dag.py:3427} INFO - Setting next_dagrun for uk_accidents_etl_pipeline to 2022-12-31T00:00:00+00:00, run_after=2022-12-31T00:00:00+00:00
[2023-01-02T18:21:04.380+0000] {processor.py:175} INFO - Processing /opt/airflow/dags/milestone_3.py took 5.745 seconds
[2023-01-02T18:21:34.808+0000] {processor.py:153} INFO - Started process (PID=255) to work on /opt/airflow/dags/milestone_3.py
[2023-01-02T18:21:34.810+0000] {processor.py:743} INFO - Processing file /opt/airflow/dags/milestone_3.py for tasks to queue
[2023-01-02T18:21:34.811+0000] {logging_mixin.py:137} INFO - [2023-01-02T18:21:34.811+0000] {dagbag.py:538} INFO - Filling up the DagBag from /opt/airflow/dags/milestone_3.py
[2023-01-02T18:21:40.806+0000] {processor.py:753} INFO - DAG(s) dict_keys(['uk_accidents_etl_pipeline']) retrieved from /opt/airflow/dags/milestone_3.py
[2023-01-02T18:21:40.881+0000] {logging_mixin.py:137} INFO - [2023-01-02T18:21:40.880+0000] {dag.py:2676} INFO - Sync 1 DAGs
[2023-01-02T18:21:40.938+0000] {logging_mixin.py:137} INFO - [2023-01-02T18:21:40.938+0000] {dag.py:3427} INFO - Setting next_dagrun for uk_accidents_etl_pipeline to 2022-12-31T00:00:00+00:00, run_after=2022-12-31T00:00:00+00:00
[2023-01-02T18:21:41.016+0000] {processor.py:175} INFO - Processing /opt/airflow/dags/milestone_3.py took 6.216 seconds
[2023-01-02T18:22:11.329+0000] {processor.py:153} INFO - Started process (PID=287) to work on /opt/airflow/dags/milestone_3.py
[2023-01-02T18:22:11.334+0000] {processor.py:743} INFO - Processing file /opt/airflow/dags/milestone_3.py for tasks to queue
[2023-01-02T18:22:11.339+0000] {logging_mixin.py:137} INFO - [2023-01-02T18:22:11.339+0000] {dagbag.py:538} INFO - Filling up the DagBag from /opt/airflow/dags/milestone_3.py
[2023-01-02T18:22:16.793+0000] {processor.py:753} INFO - DAG(s) dict_keys(['uk_accidents_etl_pipeline']) retrieved from /opt/airflow/dags/milestone_3.py
[2023-01-02T18:22:16.871+0000] {logging_mixin.py:137} INFO - [2023-01-02T18:22:16.871+0000] {dag.py:2676} INFO - Sync 1 DAGs
[2023-01-02T18:22:16.917+0000] {logging_mixin.py:137} INFO - [2023-01-02T18:22:16.917+0000] {dag.py:3427} INFO - Setting next_dagrun for uk_accidents_etl_pipeline to 2022-12-31T00:00:00+00:00, run_after=2022-12-31T00:00:00+00:00
[2023-01-02T18:22:16.960+0000] {processor.py:175} INFO - Processing /opt/airflow/dags/milestone_3.py took 5.639 seconds
[2023-01-02T18:22:47.421+0000] {processor.py:153} INFO - Started process (PID=319) to work on /opt/airflow/dags/milestone_3.py
[2023-01-02T18:22:47.425+0000] {processor.py:743} INFO - Processing file /opt/airflow/dags/milestone_3.py for tasks to queue
[2023-01-02T18:22:47.439+0000] {logging_mixin.py:137} INFO - [2023-01-02T18:22:47.435+0000] {dagbag.py:538} INFO - Filling up the DagBag from /opt/airflow/dags/milestone_3.py
[2023-01-02T18:22:54.286+0000] {processor.py:753} INFO - DAG(s) dict_keys(['uk_accidents_etl_pipeline']) retrieved from /opt/airflow/dags/milestone_3.py
[2023-01-02T18:22:54.390+0000] {logging_mixin.py:137} INFO - [2023-01-02T18:22:54.389+0000] {dag.py:2676} INFO - Sync 1 DAGs
[2023-01-02T18:22:54.450+0000] {logging_mixin.py:137} INFO - [2023-01-02T18:22:54.450+0000] {dag.py:3427} INFO - Setting next_dagrun for uk_accidents_etl_pipeline to 2022-12-31T00:00:00+00:00, run_after=2022-12-31T00:00:00+00:00
[2023-01-02T18:22:54.525+0000] {processor.py:175} INFO - Processing /opt/airflow/dags/milestone_3.py took 7.110 seconds
[2023-01-02T18:23:25.008+0000] {processor.py:153} INFO - Started process (PID=349) to work on /opt/airflow/dags/milestone_3.py
[2023-01-02T18:23:25.010+0000] {processor.py:743} INFO - Processing file /opt/airflow/dags/milestone_3.py for tasks to queue
[2023-01-02T18:23:25.011+0000] {logging_mixin.py:137} INFO - [2023-01-02T18:23:25.011+0000] {dagbag.py:538} INFO - Filling up the DagBag from /opt/airflow/dags/milestone_3.py
[2023-01-02T18:23:33.464+0000] {processor.py:753} INFO - DAG(s) dict_keys(['uk_accidents_etl_pipeline']) retrieved from /opt/airflow/dags/milestone_3.py
[2023-01-02T18:23:33.648+0000] {logging_mixin.py:137} INFO - [2023-01-02T18:23:33.647+0000] {dag.py:2676} INFO - Sync 1 DAGs
[2023-01-02T18:23:33.812+0000] {logging_mixin.py:137} INFO - [2023-01-02T18:23:33.812+0000] {dag.py:3427} INFO - Setting next_dagrun for uk_accidents_etl_pipeline to 2022-12-31T00:00:00+00:00, run_after=2022-12-31T00:00:00+00:00
[2023-01-02T18:23:33.923+0000] {processor.py:175} INFO - Processing /opt/airflow/dags/milestone_3.py took 8.919 seconds
[2023-01-02T18:24:04.088+0000] {processor.py:153} INFO - Started process (PID=381) to work on /opt/airflow/dags/milestone_3.py
[2023-01-02T18:24:04.093+0000] {processor.py:743} INFO - Processing file /opt/airflow/dags/milestone_3.py for tasks to queue
[2023-01-02T18:24:04.095+0000] {logging_mixin.py:137} INFO - [2023-01-02T18:24:04.095+0000] {dagbag.py:538} INFO - Filling up the DagBag from /opt/airflow/dags/milestone_3.py
[2023-01-02T18:24:10.801+0000] {processor.py:753} INFO - DAG(s) dict_keys(['uk_accidents_etl_pipeline']) retrieved from /opt/airflow/dags/milestone_3.py
[2023-01-02T18:24:10.864+0000] {logging_mixin.py:137} INFO - [2023-01-02T18:24:10.863+0000] {dag.py:2676} INFO - Sync 1 DAGs
[2023-01-02T18:24:11.041+0000] {logging_mixin.py:137} INFO - [2023-01-02T18:24:11.041+0000] {dag.py:3427} INFO - Setting next_dagrun for uk_accidents_etl_pipeline to 2022-12-31T00:00:00+00:00, run_after=2022-12-31T00:00:00+00:00
[2023-01-02T18:24:11.145+0000] {processor.py:175} INFO - Processing /opt/airflow/dags/milestone_3.py took 7.064 seconds
[2023-01-02T18:24:41.914+0000] {processor.py:153} INFO - Started process (PID=416) to work on /opt/airflow/dags/milestone_3.py
[2023-01-02T18:24:41.916+0000] {processor.py:743} INFO - Processing file /opt/airflow/dags/milestone_3.py for tasks to queue
[2023-01-02T18:24:41.918+0000] {logging_mixin.py:137} INFO - [2023-01-02T18:24:41.918+0000] {dagbag.py:538} INFO - Filling up the DagBag from /opt/airflow/dags/milestone_3.py
[2023-01-02T18:24:51.465+0000] {processor.py:753} INFO - DAG(s) dict_keys(['uk_accidents_etl_pipeline']) retrieved from /opt/airflow/dags/milestone_3.py
[2023-01-02T18:24:51.640+0000] {logging_mixin.py:137} INFO - [2023-01-02T18:24:51.636+0000] {dag.py:2676} INFO - Sync 1 DAGs
[2023-01-02T18:24:51.756+0000] {logging_mixin.py:137} INFO - [2023-01-02T18:24:51.756+0000] {dag.py:3427} INFO - Setting next_dagrun for uk_accidents_etl_pipeline to 2022-12-31T00:00:00+00:00, run_after=2022-12-31T00:00:00+00:00
[2023-01-02T18:24:51.846+0000] {processor.py:175} INFO - Processing /opt/airflow/dags/milestone_3.py took 9.938 seconds
[2023-01-02T18:25:22.710+0000] {processor.py:153} INFO - Started process (PID=451) to work on /opt/airflow/dags/milestone_3.py
[2023-01-02T18:25:22.713+0000] {processor.py:743} INFO - Processing file /opt/airflow/dags/milestone_3.py for tasks to queue
[2023-01-02T18:25:22.715+0000] {logging_mixin.py:137} INFO - [2023-01-02T18:25:22.715+0000] {dagbag.py:538} INFO - Filling up the DagBag from /opt/airflow/dags/milestone_3.py
[2023-01-02T18:25:28.570+0000] {processor.py:753} INFO - DAG(s) dict_keys(['uk_accidents_etl_pipeline']) retrieved from /opt/airflow/dags/milestone_3.py
[2023-01-02T18:25:28.627+0000] {logging_mixin.py:137} INFO - [2023-01-02T18:25:28.626+0000] {dag.py:2676} INFO - Sync 1 DAGs
[2023-01-02T18:25:28.677+0000] {logging_mixin.py:137} INFO - [2023-01-02T18:25:28.677+0000] {dag.py:3427} INFO - Setting next_dagrun for uk_accidents_etl_pipeline to 2022-12-31T00:00:00+00:00, run_after=2022-12-31T00:00:00+00:00
[2023-01-02T18:25:28.724+0000] {processor.py:175} INFO - Processing /opt/airflow/dags/milestone_3.py took 6.022 seconds
[2023-01-02T18:25:59.216+0000] {processor.py:153} INFO - Started process (PID=483) to work on /opt/airflow/dags/milestone_3.py
[2023-01-02T18:25:59.218+0000] {processor.py:743} INFO - Processing file /opt/airflow/dags/milestone_3.py for tasks to queue
[2023-01-02T18:25:59.220+0000] {logging_mixin.py:137} INFO - [2023-01-02T18:25:59.220+0000] {dagbag.py:538} INFO - Filling up the DagBag from /opt/airflow/dags/milestone_3.py
[2023-01-02T18:26:05.259+0000] {processor.py:753} INFO - DAG(s) dict_keys(['uk_accidents_etl_pipeline']) retrieved from /opt/airflow/dags/milestone_3.py
[2023-01-02T18:26:05.348+0000] {logging_mixin.py:137} INFO - [2023-01-02T18:26:05.347+0000] {dag.py:2676} INFO - Sync 1 DAGs
[2023-01-02T18:26:05.509+0000] {logging_mixin.py:137} INFO - [2023-01-02T18:26:05.509+0000] {dag.py:3427} INFO - Setting next_dagrun for uk_accidents_etl_pipeline to 2022-12-31T00:00:00+00:00, run_after=2022-12-31T00:00:00+00:00
[2023-01-02T18:26:05.554+0000] {processor.py:175} INFO - Processing /opt/airflow/dags/milestone_3.py took 6.344 seconds
[2023-01-02T18:26:35.756+0000] {processor.py:153} INFO - Started process (PID=513) to work on /opt/airflow/dags/milestone_3.py
[2023-01-02T18:26:35.758+0000] {processor.py:743} INFO - Processing file /opt/airflow/dags/milestone_3.py for tasks to queue
[2023-01-02T18:26:35.760+0000] {logging_mixin.py:137} INFO - [2023-01-02T18:26:35.760+0000] {dagbag.py:538} INFO - Filling up the DagBag from /opt/airflow/dags/milestone_3.py
[2023-01-02T18:26:43.545+0000] {processor.py:753} INFO - DAG(s) dict_keys(['uk_accidents_etl_pipeline']) retrieved from /opt/airflow/dags/milestone_3.py
[2023-01-02T18:26:43.630+0000] {logging_mixin.py:137} INFO - [2023-01-02T18:26:43.629+0000] {dag.py:2676} INFO - Sync 1 DAGs
[2023-01-02T18:26:43.697+0000] {logging_mixin.py:137} INFO - [2023-01-02T18:26:43.697+0000] {dag.py:3427} INFO - Setting next_dagrun for uk_accidents_etl_pipeline to 2022-12-31T00:00:00+00:00, run_after=2022-12-31T00:00:00+00:00
[2023-01-02T18:26:43.761+0000] {processor.py:175} INFO - Processing /opt/airflow/dags/milestone_3.py took 8.016 seconds
[2023-01-02T18:27:14.266+0000] {processor.py:153} INFO - Started process (PID=544) to work on /opt/airflow/dags/milestone_3.py
[2023-01-02T18:27:14.273+0000] {processor.py:743} INFO - Processing file /opt/airflow/dags/milestone_3.py for tasks to queue
[2023-01-02T18:27:14.276+0000] {logging_mixin.py:137} INFO - [2023-01-02T18:27:14.276+0000] {dagbag.py:538} INFO - Filling up the DagBag from /opt/airflow/dags/milestone_3.py
[2023-01-02T18:27:20.969+0000] {processor.py:753} INFO - DAG(s) dict_keys(['uk_accidents_etl_pipeline']) retrieved from /opt/airflow/dags/milestone_3.py
[2023-01-02T18:27:21.085+0000] {logging_mixin.py:137} INFO - [2023-01-02T18:27:21.085+0000] {dag.py:2676} INFO - Sync 1 DAGs
[2023-01-02T18:27:21.179+0000] {logging_mixin.py:137} INFO - [2023-01-02T18:27:21.178+0000] {dag.py:3427} INFO - Setting next_dagrun for uk_accidents_etl_pipeline to 2022-12-31T00:00:00+00:00, run_after=2022-12-31T00:00:00+00:00
[2023-01-02T18:27:21.272+0000] {processor.py:175} INFO - Processing /opt/airflow/dags/milestone_3.py took 7.014 seconds
[2023-01-02T18:27:51.766+0000] {processor.py:153} INFO - Started process (PID=579) to work on /opt/airflow/dags/milestone_3.py
[2023-01-02T18:27:51.768+0000] {processor.py:743} INFO - Processing file /opt/airflow/dags/milestone_3.py for tasks to queue
[2023-01-02T18:27:51.770+0000] {logging_mixin.py:137} INFO - [2023-01-02T18:27:51.770+0000] {dagbag.py:538} INFO - Filling up the DagBag from /opt/airflow/dags/milestone_3.py
[2023-01-02T18:27:59.045+0000] {processor.py:753} INFO - DAG(s) dict_keys(['uk_accidents_etl_pipeline']) retrieved from /opt/airflow/dags/milestone_3.py
[2023-01-02T18:27:59.162+0000] {logging_mixin.py:137} INFO - [2023-01-02T18:27:59.159+0000] {dag.py:2676} INFO - Sync 1 DAGs
[2023-01-02T18:27:59.233+0000] {logging_mixin.py:137} INFO - [2023-01-02T18:27:59.232+0000] {dag.py:3427} INFO - Setting next_dagrun for uk_accidents_etl_pipeline to 2022-12-31T00:00:00+00:00, run_after=2022-12-31T00:00:00+00:00
[2023-01-02T18:27:59.344+0000] {processor.py:175} INFO - Processing /opt/airflow/dags/milestone_3.py took 7.585 seconds
[2023-01-02T18:28:29.937+0000] {processor.py:153} INFO - Started process (PID=611) to work on /opt/airflow/dags/milestone_3.py
[2023-01-02T18:28:29.949+0000] {processor.py:743} INFO - Processing file /opt/airflow/dags/milestone_3.py for tasks to queue
[2023-01-02T18:28:29.951+0000] {logging_mixin.py:137} INFO - [2023-01-02T18:28:29.951+0000] {dagbag.py:538} INFO - Filling up the DagBag from /opt/airflow/dags/milestone_3.py
[2023-01-02T18:28:36.989+0000] {processor.py:753} INFO - DAG(s) dict_keys(['uk_accidents_etl_pipeline']) retrieved from /opt/airflow/dags/milestone_3.py
[2023-01-02T18:28:37.092+0000] {logging_mixin.py:137} INFO - [2023-01-02T18:28:37.091+0000] {dag.py:2676} INFO - Sync 1 DAGs
[2023-01-02T18:28:37.155+0000] {logging_mixin.py:137} INFO - [2023-01-02T18:28:37.155+0000] {dag.py:3427} INFO - Setting next_dagrun for uk_accidents_etl_pipeline to 2022-12-31T00:00:00+00:00, run_after=2022-12-31T00:00:00+00:00
[2023-01-02T18:28:37.222+0000] {processor.py:175} INFO - Processing /opt/airflow/dags/milestone_3.py took 7.295 seconds
[2023-01-02T18:29:07.439+0000] {processor.py:153} INFO - Started process (PID=644) to work on /opt/airflow/dags/milestone_3.py
[2023-01-02T18:29:07.443+0000] {processor.py:743} INFO - Processing file /opt/airflow/dags/milestone_3.py for tasks to queue
[2023-01-02T18:29:07.446+0000] {logging_mixin.py:137} INFO - [2023-01-02T18:29:07.445+0000] {dagbag.py:538} INFO - Filling up the DagBag from /opt/airflow/dags/milestone_3.py
[2023-01-02T18:29:16.851+0000] {processor.py:753} INFO - DAG(s) dict_keys(['uk_accidents_etl_pipeline']) retrieved from /opt/airflow/dags/milestone_3.py
[2023-01-02T18:29:17.016+0000] {logging_mixin.py:137} INFO - [2023-01-02T18:29:17.014+0000] {dag.py:2676} INFO - Sync 1 DAGs
[2023-01-02T18:29:17.119+0000] {logging_mixin.py:137} INFO - [2023-01-02T18:29:17.119+0000] {dag.py:3427} INFO - Setting next_dagrun for uk_accidents_etl_pipeline to 2022-12-31T00:00:00+00:00, run_after=2022-12-31T00:00:00+00:00
[2023-01-02T18:29:17.251+0000] {processor.py:175} INFO - Processing /opt/airflow/dags/milestone_3.py took 9.833 seconds
[2023-01-02T18:29:47.764+0000] {processor.py:153} INFO - Started process (PID=698) to work on /opt/airflow/dags/milestone_3.py
[2023-01-02T18:29:47.862+0000] {processor.py:743} INFO - Processing file /opt/airflow/dags/milestone_3.py for tasks to queue
[2023-01-02T18:29:47.887+0000] {logging_mixin.py:137} INFO - [2023-01-02T18:29:47.887+0000] {dagbag.py:538} INFO - Filling up the DagBag from /opt/airflow/dags/milestone_3.py
[2023-01-02T18:30:07.799+0000] {processor.py:753} INFO - DAG(s) dict_keys(['uk_accidents_etl_pipeline']) retrieved from /opt/airflow/dags/milestone_3.py
[2023-01-02T18:30:08.090+0000] {logging_mixin.py:137} INFO - [2023-01-02T18:30:08.089+0000] {dag.py:2676} INFO - Sync 1 DAGs
[2023-01-02T18:30:08.279+0000] {logging_mixin.py:137} INFO - [2023-01-02T18:30:08.279+0000] {dag.py:3427} INFO - Setting next_dagrun for uk_accidents_etl_pipeline to None, run_after=None
[2023-01-02T18:30:08.536+0000] {processor.py:175} INFO - Processing /opt/airflow/dags/milestone_3.py took 20.808 seconds
[2023-01-02T18:30:39.250+0000] {processor.py:153} INFO - Started process (PID=730) to work on /opt/airflow/dags/milestone_3.py
[2023-01-02T18:30:39.289+0000] {processor.py:743} INFO - Processing file /opt/airflow/dags/milestone_3.py for tasks to queue
[2023-01-02T18:30:39.297+0000] {logging_mixin.py:137} INFO - [2023-01-02T18:30:39.297+0000] {dagbag.py:538} INFO - Filling up the DagBag from /opt/airflow/dags/milestone_3.py
[2023-01-02T18:31:06.566+0000] {processor.py:753} INFO - DAG(s) dict_keys(['uk_accidents_etl_pipeline']) retrieved from /opt/airflow/dags/milestone_3.py
[2023-01-02T18:31:06.892+0000] {logging_mixin.py:137} INFO - [2023-01-02T18:31:06.891+0000] {dag.py:2676} INFO - Sync 1 DAGs
[2023-01-02T18:31:07.068+0000] {logging_mixin.py:137} INFO - [2023-01-02T18:31:07.068+0000] {dag.py:3427} INFO - Setting next_dagrun for uk_accidents_etl_pipeline to None, run_after=None
[2023-01-02T18:31:07.223+0000] {processor.py:175} INFO - Processing /opt/airflow/dags/milestone_3.py took 28.039 seconds
[2023-01-02T18:31:37.948+0000] {processor.py:153} INFO - Started process (PID=774) to work on /opt/airflow/dags/milestone_3.py
[2023-01-02T18:31:37.960+0000] {processor.py:743} INFO - Processing file /opt/airflow/dags/milestone_3.py for tasks to queue
[2023-01-02T18:31:37.962+0000] {logging_mixin.py:137} INFO - [2023-01-02T18:31:37.962+0000] {dagbag.py:538} INFO - Filling up the DagBag from /opt/airflow/dags/milestone_3.py
[2023-01-02T18:31:51.308+0000] {processor.py:753} INFO - DAG(s) dict_keys(['uk_accidents_etl_pipeline']) retrieved from /opt/airflow/dags/milestone_3.py
[2023-01-02T18:31:51.500+0000] {logging_mixin.py:137} INFO - [2023-01-02T18:31:51.497+0000] {dag.py:2676} INFO - Sync 1 DAGs
[2023-01-02T18:31:51.683+0000] {logging_mixin.py:137} INFO - [2023-01-02T18:31:51.683+0000] {dag.py:3427} INFO - Setting next_dagrun for uk_accidents_etl_pipeline to None, run_after=None
[2023-01-02T18:31:51.809+0000] {processor.py:175} INFO - Processing /opt/airflow/dags/milestone_3.py took 13.872 seconds
[2023-01-02T18:32:22.079+0000] {processor.py:153} INFO - Started process (PID=813) to work on /opt/airflow/dags/milestone_3.py
[2023-01-02T18:32:22.094+0000] {processor.py:743} INFO - Processing file /opt/airflow/dags/milestone_3.py for tasks to queue
[2023-01-02T18:32:22.114+0000] {logging_mixin.py:137} INFO - [2023-01-02T18:32:22.114+0000] {dagbag.py:538} INFO - Filling up the DagBag from /opt/airflow/dags/milestone_3.py
[2023-01-02T18:32:31.422+0000] {processor.py:753} INFO - DAG(s) dict_keys(['uk_accidents_etl_pipeline']) retrieved from /opt/airflow/dags/milestone_3.py
[2023-01-02T18:32:31.616+0000] {logging_mixin.py:137} INFO - [2023-01-02T18:32:31.613+0000] {dag.py:2676} INFO - Sync 1 DAGs
[2023-01-02T18:32:31.715+0000] {logging_mixin.py:137} INFO - [2023-01-02T18:32:31.714+0000] {dag.py:3427} INFO - Setting next_dagrun for uk_accidents_etl_pipeline to None, run_after=None
[2023-01-02T18:32:31.857+0000] {processor.py:175} INFO - Processing /opt/airflow/dags/milestone_3.py took 9.785 seconds
[2023-01-02T18:33:02.392+0000] {processor.py:153} INFO - Started process (PID=851) to work on /opt/airflow/dags/milestone_3.py
[2023-01-02T18:33:02.394+0000] {processor.py:743} INFO - Processing file /opt/airflow/dags/milestone_3.py for tasks to queue
[2023-01-02T18:33:02.396+0000] {logging_mixin.py:137} INFO - [2023-01-02T18:33:02.396+0000] {dagbag.py:538} INFO - Filling up the DagBag from /opt/airflow/dags/milestone_3.py
[2023-01-02T18:33:09.974+0000] {processor.py:753} INFO - DAG(s) dict_keys(['uk_accidents_etl_pipeline']) retrieved from /opt/airflow/dags/milestone_3.py
[2023-01-02T18:33:10.100+0000] {logging_mixin.py:137} INFO - [2023-01-02T18:33:10.097+0000] {dag.py:2676} INFO - Sync 1 DAGs
[2023-01-02T18:33:10.185+0000] {logging_mixin.py:137} INFO - [2023-01-02T18:33:10.185+0000] {dag.py:3427} INFO - Setting next_dagrun for uk_accidents_etl_pipeline to None, run_after=None
[2023-01-02T18:33:10.317+0000] {processor.py:175} INFO - Processing /opt/airflow/dags/milestone_3.py took 7.940 seconds
[2023-01-02T18:33:40.993+0000] {processor.py:153} INFO - Started process (PID=894) to work on /opt/airflow/dags/milestone_3.py
[2023-01-02T18:33:40.996+0000] {processor.py:743} INFO - Processing file /opt/airflow/dags/milestone_3.py for tasks to queue
[2023-01-02T18:33:40.998+0000] {logging_mixin.py:137} INFO - [2023-01-02T18:33:40.997+0000] {dagbag.py:538} INFO - Filling up the DagBag from /opt/airflow/dags/milestone_3.py
[2023-01-02T18:33:53.686+0000] {processor.py:753} INFO - DAG(s) dict_keys(['uk_accidents_etl_pipeline']) retrieved from /opt/airflow/dags/milestone_3.py
[2023-01-02T18:33:53.835+0000] {logging_mixin.py:137} INFO - [2023-01-02T18:33:53.834+0000] {dag.py:2676} INFO - Sync 1 DAGs
[2023-01-02T18:33:53.908+0000] {logging_mixin.py:137} INFO - [2023-01-02T18:33:53.907+0000] {dag.py:3427} INFO - Setting next_dagrun for uk_accidents_etl_pipeline to None, run_after=None
[2023-01-02T18:33:53.988+0000] {processor.py:175} INFO - Processing /opt/airflow/dags/milestone_3.py took 13.011 seconds
[2023-01-02T18:34:24.254+0000] {processor.py:153} INFO - Started process (PID=939) to work on /opt/airflow/dags/milestone_3.py
[2023-01-02T18:34:24.257+0000] {processor.py:743} INFO - Processing file /opt/airflow/dags/milestone_3.py for tasks to queue
[2023-01-02T18:34:24.259+0000] {logging_mixin.py:137} INFO - [2023-01-02T18:34:24.259+0000] {dagbag.py:538} INFO - Filling up the DagBag from /opt/airflow/dags/milestone_3.py
[2023-01-02T18:34:29.394+0000] {processor.py:753} INFO - DAG(s) dict_keys(['uk_accidents_etl_pipeline']) retrieved from /opt/airflow/dags/milestone_3.py
[2023-01-02T18:34:29.469+0000] {logging_mixin.py:137} INFO - [2023-01-02T18:34:29.468+0000] {dag.py:2676} INFO - Sync 1 DAGs
[2023-01-02T18:34:29.524+0000] {logging_mixin.py:137} INFO - [2023-01-02T18:34:29.524+0000] {dag.py:3427} INFO - Setting next_dagrun for uk_accidents_etl_pipeline to None, run_after=None
[2023-01-02T18:34:29.590+0000] {processor.py:175} INFO - Processing /opt/airflow/dags/milestone_3.py took 5.346 seconds
[2023-01-02T18:35:00.175+0000] {processor.py:153} INFO - Started process (PID=971) to work on /opt/airflow/dags/milestone_3.py
[2023-01-02T18:35:00.178+0000] {processor.py:743} INFO - Processing file /opt/airflow/dags/milestone_3.py for tasks to queue
[2023-01-02T18:35:00.180+0000] {logging_mixin.py:137} INFO - [2023-01-02T18:35:00.179+0000] {dagbag.py:538} INFO - Filling up the DagBag from /opt/airflow/dags/milestone_3.py
[2023-01-02T18:35:06.441+0000] {processor.py:753} INFO - DAG(s) dict_keys(['uk_accidents_etl_pipeline']) retrieved from /opt/airflow/dags/milestone_3.py
[2023-01-02T18:35:06.555+0000] {logging_mixin.py:137} INFO - [2023-01-02T18:35:06.553+0000] {dag.py:2676} INFO - Sync 1 DAGs
[2023-01-02T18:35:06.639+0000] {logging_mixin.py:137} INFO - [2023-01-02T18:35:06.639+0000] {dag.py:3427} INFO - Setting next_dagrun for uk_accidents_etl_pipeline to None, run_after=None
[2023-01-02T18:35:06.723+0000] {processor.py:175} INFO - Processing /opt/airflow/dags/milestone_3.py took 6.555 seconds
[2023-01-02T18:35:37.504+0000] {processor.py:153} INFO - Started process (PID=1003) to work on /opt/airflow/dags/milestone_3.py
[2023-01-02T18:35:37.510+0000] {processor.py:743} INFO - Processing file /opt/airflow/dags/milestone_3.py for tasks to queue
[2023-01-02T18:35:37.516+0000] {logging_mixin.py:137} INFO - [2023-01-02T18:35:37.515+0000] {dagbag.py:538} INFO - Filling up the DagBag from /opt/airflow/dags/milestone_3.py
[2023-01-02T18:35:45.433+0000] {processor.py:753} INFO - DAG(s) dict_keys(['uk_accidents_etl_pipeline']) retrieved from /opt/airflow/dags/milestone_3.py
[2023-01-02T18:35:45.569+0000] {logging_mixin.py:137} INFO - [2023-01-02T18:35:45.568+0000] {dag.py:2676} INFO - Sync 1 DAGs
[2023-01-02T18:35:45.648+0000] {logging_mixin.py:137} INFO - [2023-01-02T18:35:45.647+0000] {dag.py:3427} INFO - Setting next_dagrun for uk_accidents_etl_pipeline to None, run_after=None
[2023-01-02T18:35:45.726+0000] {processor.py:175} INFO - Processing /opt/airflow/dags/milestone_3.py took 8.231 seconds
[2023-01-02T18:35:47.682+0000] {processor.py:153} INFO - Started process (PID=1011) to work on /opt/airflow/dags/milestone_3.py
[2023-01-02T18:35:47.685+0000] {processor.py:743} INFO - Processing file /opt/airflow/dags/milestone_3.py for tasks to queue
[2023-01-02T18:35:47.687+0000] {logging_mixin.py:137} INFO - [2023-01-02T18:35:47.687+0000] {dagbag.py:538} INFO - Filling up the DagBag from /opt/airflow/dags/milestone_3.py
[2023-01-02T18:35:55.066+0000] {processor.py:753} INFO - DAG(s) dict_keys(['uk_accidents_etl_pipeline']) retrieved from /opt/airflow/dags/milestone_3.py
[2023-01-02T18:35:55.150+0000] {logging_mixin.py:137} INFO - [2023-01-02T18:35:55.149+0000] {dag.py:2676} INFO - Sync 1 DAGs
[2023-01-02T18:35:55.242+0000] {logging_mixin.py:137} INFO - [2023-01-02T18:35:55.241+0000] {dag.py:3427} INFO - Setting next_dagrun for uk_accidents_etl_pipeline to None, run_after=None
[2023-01-02T18:35:55.315+0000] {processor.py:175} INFO - Processing /opt/airflow/dags/milestone_3.py took 7.643 seconds
[2023-01-02T18:36:25.794+0000] {processor.py:153} INFO - Started process (PID=1044) to work on /opt/airflow/dags/milestone_3.py
[2023-01-02T18:36:25.804+0000] {processor.py:743} INFO - Processing file /opt/airflow/dags/milestone_3.py for tasks to queue
[2023-01-02T18:36:25.813+0000] {logging_mixin.py:137} INFO - [2023-01-02T18:36:25.812+0000] {dagbag.py:538} INFO - Filling up the DagBag from /opt/airflow/dags/milestone_3.py
[2023-01-02T18:36:33.205+0000] {processor.py:753} INFO - DAG(s) dict_keys(['uk_accidents_etl_pipeline']) retrieved from /opt/airflow/dags/milestone_3.py
[2023-01-02T18:36:33.374+0000] {logging_mixin.py:137} INFO - [2023-01-02T18:36:33.371+0000] {dag.py:2676} INFO - Sync 1 DAGs
[2023-01-02T18:36:33.449+0000] {logging_mixin.py:137} INFO - [2023-01-02T18:36:33.448+0000] {dag.py:3427} INFO - Setting next_dagrun for uk_accidents_etl_pipeline to None, run_after=None
[2023-01-02T18:36:33.537+0000] {processor.py:175} INFO - Processing /opt/airflow/dags/milestone_3.py took 7.751 seconds
[2023-01-02T18:37:03.949+0000] {processor.py:153} INFO - Started process (PID=1076) to work on /opt/airflow/dags/milestone_3.py
[2023-01-02T18:37:03.954+0000] {processor.py:743} INFO - Processing file /opt/airflow/dags/milestone_3.py for tasks to queue
[2023-01-02T18:37:03.957+0000] {logging_mixin.py:137} INFO - [2023-01-02T18:37:03.956+0000] {dagbag.py:538} INFO - Filling up the DagBag from /opt/airflow/dags/milestone_3.py
[2023-01-02T18:37:12.542+0000] {processor.py:753} INFO - DAG(s) dict_keys(['uk_accidents_etl_pipeline']) retrieved from /opt/airflow/dags/milestone_3.py
[2023-01-02T18:37:13.044+0000] {logging_mixin.py:137} INFO - [2023-01-02T18:37:13.043+0000] {dag.py:2676} INFO - Sync 1 DAGs
[2023-01-02T18:37:13.429+0000] {logging_mixin.py:137} INFO - [2023-01-02T18:37:13.422+0000] {dag.py:3427} INFO - Setting next_dagrun for uk_accidents_etl_pipeline to None, run_after=None
[2023-01-02T18:37:13.705+0000] {processor.py:175} INFO - Processing /opt/airflow/dags/milestone_3.py took 9.763 seconds
[2023-01-02T18:37:44.470+0000] {processor.py:153} INFO - Started process (PID=1115) to work on /opt/airflow/dags/milestone_3.py
[2023-01-02T18:37:44.486+0000] {processor.py:743} INFO - Processing file /opt/airflow/dags/milestone_3.py for tasks to queue
[2023-01-02T18:37:44.499+0000] {logging_mixin.py:137} INFO - [2023-01-02T18:37:44.499+0000] {dagbag.py:538} INFO - Filling up the DagBag from /opt/airflow/dags/milestone_3.py
[2023-01-02T18:37:52.748+0000] {processor.py:753} INFO - DAG(s) dict_keys(['uk_accidents_etl_pipeline']) retrieved from /opt/airflow/dags/milestone_3.py
[2023-01-02T18:37:52.862+0000] {logging_mixin.py:137} INFO - [2023-01-02T18:37:52.861+0000] {dag.py:2676} INFO - Sync 1 DAGs
[2023-01-02T18:37:52.978+0000] {logging_mixin.py:137} INFO - [2023-01-02T18:37:52.978+0000] {dag.py:3427} INFO - Setting next_dagrun for uk_accidents_etl_pipeline to None, run_after=None
[2023-01-02T18:37:53.131+0000] {processor.py:175} INFO - Processing /opt/airflow/dags/milestone_3.py took 8.679 seconds
[2023-01-02T18:38:23.358+0000] {processor.py:153} INFO - Started process (PID=1142) to work on /opt/airflow/dags/milestone_3.py
[2023-01-02T18:38:23.369+0000] {processor.py:743} INFO - Processing file /opt/airflow/dags/milestone_3.py for tasks to queue
[2023-01-02T18:38:23.374+0000] {logging_mixin.py:137} INFO - [2023-01-02T18:38:23.374+0000] {dagbag.py:538} INFO - Filling up the DagBag from /opt/airflow/dags/milestone_3.py
[2023-01-02T18:38:31.118+0000] {processor.py:753} INFO - DAG(s) dict_keys(['uk_accidents_etl_pipeline']) retrieved from /opt/airflow/dags/milestone_3.py
[2023-01-02T18:38:31.316+0000] {logging_mixin.py:137} INFO - [2023-01-02T18:38:31.312+0000] {dag.py:2676} INFO - Sync 1 DAGs
[2023-01-02T18:38:31.465+0000] {logging_mixin.py:137} INFO - [2023-01-02T18:38:31.465+0000] {dag.py:3427} INFO - Setting next_dagrun for uk_accidents_etl_pipeline to None, run_after=None
[2023-01-02T18:38:31.583+0000] {processor.py:175} INFO - Processing /opt/airflow/dags/milestone_3.py took 8.247 seconds
[2023-01-02T18:39:01.937+0000] {processor.py:153} INFO - Started process (PID=1177) to work on /opt/airflow/dags/milestone_3.py
[2023-01-02T18:39:01.938+0000] {processor.py:743} INFO - Processing file /opt/airflow/dags/milestone_3.py for tasks to queue
[2023-01-02T18:39:01.940+0000] {logging_mixin.py:137} INFO - [2023-01-02T18:39:01.939+0000] {dagbag.py:538} INFO - Filling up the DagBag from /opt/airflow/dags/milestone_3.py
[2023-01-02T18:39:10.227+0000] {processor.py:753} INFO - DAG(s) dict_keys(['uk_accidents_etl_pipeline']) retrieved from /opt/airflow/dags/milestone_3.py
[2023-01-02T18:39:10.408+0000] {logging_mixin.py:137} INFO - [2023-01-02T18:39:10.406+0000] {dag.py:2676} INFO - Sync 1 DAGs
[2023-01-02T18:39:10.591+0000] {logging_mixin.py:137} INFO - [2023-01-02T18:39:10.591+0000] {dag.py:3427} INFO - Setting next_dagrun for uk_accidents_etl_pipeline to None, run_after=None
[2023-01-02T18:39:10.701+0000] {processor.py:175} INFO - Processing /opt/airflow/dags/milestone_3.py took 8.775 seconds
[2023-01-02T18:39:41.448+0000] {processor.py:153} INFO - Started process (PID=1215) to work on /opt/airflow/dags/milestone_3.py
[2023-01-02T18:39:41.452+0000] {processor.py:743} INFO - Processing file /opt/airflow/dags/milestone_3.py for tasks to queue
[2023-01-02T18:39:41.477+0000] {logging_mixin.py:137} INFO - [2023-01-02T18:39:41.477+0000] {dagbag.py:538} INFO - Filling up the DagBag from /opt/airflow/dags/milestone_3.py
[2023-01-02T18:39:51.215+0000] {processor.py:753} INFO - DAG(s) dict_keys(['uk_accidents_etl_pipeline']) retrieved from /opt/airflow/dags/milestone_3.py
[2023-01-02T18:39:51.539+0000] {logging_mixin.py:137} INFO - [2023-01-02T18:39:51.537+0000] {dag.py:2676} INFO - Sync 1 DAGs
[2023-01-02T18:39:51.672+0000] {logging_mixin.py:137} INFO - [2023-01-02T18:39:51.672+0000] {dag.py:3427} INFO - Setting next_dagrun for uk_accidents_etl_pipeline to None, run_after=None
[2023-01-02T18:39:51.788+0000] {processor.py:175} INFO - Processing /opt/airflow/dags/milestone_3.py took 10.354 seconds
[2023-01-02T18:40:22.337+0000] {processor.py:153} INFO - Started process (PID=1246) to work on /opt/airflow/dags/milestone_3.py
[2023-01-02T18:40:22.340+0000] {processor.py:743} INFO - Processing file /opt/airflow/dags/milestone_3.py for tasks to queue
[2023-01-02T18:40:22.341+0000] {logging_mixin.py:137} INFO - [2023-01-02T18:40:22.341+0000] {dagbag.py:538} INFO - Filling up the DagBag from /opt/airflow/dags/milestone_3.py
[2023-01-02T18:40:41.989+0000] {processor.py:753} INFO - DAG(s) dict_keys(['uk_accidents_etl_pipeline']) retrieved from /opt/airflow/dags/milestone_3.py
[2023-01-02T18:40:42.879+0000] {logging_mixin.py:137} INFO - [2023-01-02T18:40:42.878+0000] {dag.py:2676} INFO - Sync 1 DAGs
[2023-01-02T18:40:43.648+0000] {logging_mixin.py:137} INFO - [2023-01-02T18:40:43.647+0000] {dag.py:3427} INFO - Setting next_dagrun for uk_accidents_etl_pipeline to None, run_after=None
[2023-01-02T18:40:44.209+0000] {processor.py:175} INFO - Processing /opt/airflow/dags/milestone_3.py took 21.896 seconds
[2023-01-02T18:41:15.108+0000] {processor.py:153} INFO - Started process (PID=1292) to work on /opt/airflow/dags/milestone_3.py
[2023-01-02T18:41:15.152+0000] {processor.py:743} INFO - Processing file /opt/airflow/dags/milestone_3.py for tasks to queue
[2023-01-02T18:41:15.191+0000] {logging_mixin.py:137} INFO - [2023-01-02T18:41:15.191+0000] {dagbag.py:538} INFO - Filling up the DagBag from /opt/airflow/dags/milestone_3.py
[2023-01-02T18:42:15.825+0000] {processor.py:153} INFO - Started process (PID=1329) to work on /opt/airflow/dags/milestone_3.py
[2023-01-02T18:42:15.857+0000] {processor.py:743} INFO - Processing file /opt/airflow/dags/milestone_3.py for tasks to queue
[2023-01-02T18:42:15.885+0000] {logging_mixin.py:137} INFO - [2023-01-02T18:42:15.883+0000] {dagbag.py:538} INFO - Filling up the DagBag from /opt/airflow/dags/milestone_3.py
[2023-01-02T18:42:46.435+0000] {logging_mixin.py:137} INFO - [2023-01-02T18:42:46.434+0000] {timeout.py:68} ERROR - Process timed out, PID: 1329
[2023-01-02T18:42:46.533+0000] {logging_mixin.py:137} INFO - [2023-01-02T18:42:46.443+0000] {dagbag.py:343} ERROR - Failed to import: /opt/airflow/dags/milestone_3.py
Traceback (most recent call last):
  File "/home/airflow/.local/lib/python3.7/site-packages/airflow/models/dagbag.py", line 339, in parse
    loader.exec_module(new_module)
  File "<frozen importlib._bootstrap_external>", line 728, in exec_module
  File "<frozen importlib._bootstrap>", line 219, in _call_with_frames_removed
  File "/opt/airflow/dags/milestone_3.py", line 6, in <module>
    from milestone_1 import clean_and_transform
  File "/opt/airflow/dags/milestone_1.py", line 3, in <module>
    import matplotlib.pyplot as plt
  File "/home/airflow/.local/lib/python3.7/site-packages/matplotlib/pyplot.py", line 49, in <module>
    import matplotlib.colorbar
  File "/home/airflow/.local/lib/python3.7/site-packages/matplotlib/colorbar.py", line 21, in <module>
    from matplotlib import _api, collections, cm, colors, contour, ticker
  File "/home/airflow/.local/lib/python3.7/site-packages/matplotlib/collections.py", line 1803, in <module>
    class PatchCollection(Collection):
  File "/home/airflow/.local/lib/python3.7/site-packages/matplotlib/artist.py", line 120, in __init_subclass__
    cls._update_set_signature_and_docstring()
  File "/home/airflow/.local/lib/python3.7/site-packages/matplotlib/artist.py", line 141, in _update_set_signature_and_docstring
    for prop in ArtistInspector(cls).get_setters()
  File "/home/airflow/.local/lib/python3.7/site-packages/matplotlib/artist.py", line 1449, in get_setters
    or self.is_alias(func)):
  File "/home/airflow/.local/lib/python3.7/site-packages/matplotlib/artist.py", line 1456, in is_alias
    ds = inspect.getdoc(o)
  File "/usr/local/lib/python3.7/inspect.py", line 611, in getdoc
    return cleandoc(doc)
  File "/usr/local/lib/python3.7/inspect.py", line 629, in cleandoc
    margin = min(margin, indent)
  File "/home/airflow/.local/lib/python3.7/site-packages/airflow/utils/timeout.py", line 69, in handle_timeout
    raise AirflowTaskTimeout(self.error_message)
airflow.exceptions.AirflowTaskTimeout: DagBag import timeout for /opt/airflow/dags/milestone_3.py after 30.0s.
Please take a look at these docs to improve your DAG import time:
* https://airflow.apache.org/docs/apache-airflow/2.5.0/best-practices.html#top-level-python-code
* https://airflow.apache.org/docs/apache-airflow/2.5.0/best-practices.html#reducing-dag-complexity, PID: 1329
[2023-01-02T18:42:46.555+0000] {processor.py:755} WARNING - No viable dags retrieved from /opt/airflow/dags/milestone_3.py
[2023-01-02T18:42:46.708+0000] {processor.py:175} INFO - Processing /opt/airflow/dags/milestone_3.py took 31.634 seconds
[2023-01-02T18:43:17.543+0000] {processor.py:153} INFO - Started process (PID=1371) to work on /opt/airflow/dags/milestone_3.py
[2023-01-02T18:43:17.548+0000] {processor.py:743} INFO - Processing file /opt/airflow/dags/milestone_3.py for tasks to queue
[2023-01-02T18:43:17.560+0000] {logging_mixin.py:137} INFO - [2023-01-02T18:43:17.559+0000] {dagbag.py:538} INFO - Filling up the DagBag from /opt/airflow/dags/milestone_3.py
[2023-01-02T18:43:50.885+0000] {logging_mixin.py:137} INFO - [2023-01-02T18:43:49.473+0000] {timeout.py:68} ERROR - Process timed out, PID: 1371
[2023-01-02T18:43:51.209+0000] {logging_mixin.py:137} INFO - [2023-01-02T18:43:50.892+0000] {dagbag.py:343} ERROR - Failed to import: /opt/airflow/dags/milestone_3.py
Traceback (most recent call last):
  File "/home/airflow/.local/lib/python3.7/site-packages/airflow/models/dagbag.py", line 339, in parse
    loader.exec_module(new_module)
  File "<frozen importlib._bootstrap_external>", line 728, in exec_module
  File "<frozen importlib._bootstrap>", line 219, in _call_with_frames_removed
  File "/opt/airflow/dags/milestone_3.py", line 6, in <module>
    from milestone_1 import clean_and_transform
  File "/opt/airflow/dags/milestone_1.py", line 2, in <module>
    import pandas as pd
  File "/home/airflow/.local/lib/python3.7/site-packages/pandas/__init__.py", line 50, in <module>
    from pandas.core.api import (
  File "/home/airflow/.local/lib/python3.7/site-packages/pandas/core/api.py", line 29, in <module>
    from pandas.core.arrays import Categorical
  File "/home/airflow/.local/lib/python3.7/site-packages/pandas/core/arrays/__init__.py", line 20, in <module>
    from pandas.core.arrays.string_arrow import ArrowStringArray
  File "/home/airflow/.local/lib/python3.7/site-packages/pandas/core/arrays/string_arrow.py", line 65, in <module>
    import pyarrow.compute as pc
  File "/home/airflow/.local/lib/python3.7/site-packages/pyarrow/compute.py", line 18, in <module>
    from pyarrow._compute import (  # noqa
  File "pyarrow/_compute.pyx", line 1349, in init pyarrow._compute
  File "pyarrow/_compute.pyx", line 799, in pyarrow._compute._min_count_doc
  File "/home/airflow/.local/lib/python3.7/site-packages/airflow/utils/timeout.py", line 69, in handle_timeout
    raise AirflowTaskTimeout(self.error_message)
airflow.exceptions.AirflowTaskTimeout: DagBag import timeout for /opt/airflow/dags/milestone_3.py after 30.0s.
Please take a look at these docs to improve your DAG import time:
* https://airflow.apache.org/docs/apache-airflow/2.5.0/best-practices.html#top-level-python-code
* https://airflow.apache.org/docs/apache-airflow/2.5.0/best-practices.html#reducing-dag-complexity, PID: 1371
[2023-01-02T18:43:51.238+0000] {processor.py:755} WARNING - No viable dags retrieved from /opt/airflow/dags/milestone_3.py
[2023-01-02T18:43:52.292+0000] {processor.py:175} INFO - Processing /opt/airflow/dags/milestone_3.py took 36.248 seconds
[2023-01-02T18:44:25.758+0000] {processor.py:153} INFO - Started process (PID=1418) to work on /opt/airflow/dags/milestone_3.py
[2023-01-02T18:44:25.782+0000] {processor.py:743} INFO - Processing file /opt/airflow/dags/milestone_3.py for tasks to queue
[2023-01-02T18:44:25.820+0000] {logging_mixin.py:137} INFO - [2023-01-02T18:44:25.817+0000] {dagbag.py:538} INFO - Filling up the DagBag from /opt/airflow/dags/milestone_3.py
[2023-01-02T18:44:57.172+0000] {logging_mixin.py:137} INFO - [2023-01-02T18:44:57.171+0000] {timeout.py:68} ERROR - Process timed out, PID: 1418
[2023-01-02T18:44:57.229+0000] {logging_mixin.py:137} WARNING - Exception ignored in: <function WeakKeyDictionary.__init__.<locals>.remove at 0x7f0d73e48440>
[2023-01-02T18:44:57.230+0000] {logging_mixin.py:137} WARNING - Traceback (most recent call last):
[2023-01-02T18:44:57.232+0000] {logging_mixin.py:137} WARNING -   File "/usr/local/lib/python3.7/weakref.py", line 358, in remove
[2023-01-02T18:44:57.234+0000] {logging_mixin.py:137} WARNING -     def remove(k, selfref=ref(self)):
[2023-01-02T18:44:57.235+0000] {logging_mixin.py:137} WARNING -   File "/home/airflow/.local/lib/python3.7/site-packages/airflow/utils/timeout.py", line 69, in handle_timeout
[2023-01-02T18:44:57.237+0000] {logging_mixin.py:137} WARNING -     raise AirflowTaskTimeout(self.error_message)
[2023-01-02T18:44:57.238+0000] {logging_mixin.py:137} WARNING - airflow.exceptions.AirflowTaskTimeout: DagBag import timeout for /opt/airflow/dags/milestone_3.py after 30.0s.
Please take a look at these docs to improve your DAG import time:
* https://airflow.apache.org/docs/apache-airflow/2.5.0/best-practices.html#top-level-python-code
* https://airflow.apache.org/docs/apache-airflow/2.5.0/best-practices.html#reducing-dag-complexity, PID: 1418
[2023-01-02T18:45:13.354+0000] {processor.py:153} INFO - Started process (PID=1447) to work on /opt/airflow/dags/milestone_3.py
[2023-01-02T18:45:13.358+0000] {processor.py:743} INFO - Processing file /opt/airflow/dags/milestone_3.py for tasks to queue
[2023-01-02T18:45:13.427+0000] {logging_mixin.py:137} INFO - [2023-01-02T18:45:13.427+0000] {dagbag.py:538} INFO - Filling up the DagBag from /opt/airflow/dags/milestone_3.py
[2023-01-02T18:45:39.619+0000] {processor.py:753} INFO - DAG(s) dict_keys(['uk_accidents_etl_pipeline']) retrieved from /opt/airflow/dags/milestone_3.py
[2023-01-02T18:45:41.344+0000] {logging_mixin.py:137} INFO - [2023-01-02T18:45:41.342+0000] {dag.py:2676} INFO - Sync 1 DAGs
[2023-01-02T18:45:41.514+0000] {logging_mixin.py:137} INFO - [2023-01-02T18:45:41.514+0000] {dag.py:3427} INFO - Setting next_dagrun for uk_accidents_etl_pipeline to None, run_after=None
[2023-01-02T18:45:41.957+0000] {processor.py:175} INFO - Processing /opt/airflow/dags/milestone_3.py took 28.612 seconds
[2023-01-02T18:46:12.413+0000] {processor.py:153} INFO - Started process (PID=1492) to work on /opt/airflow/dags/milestone_3.py
[2023-01-02T18:46:12.429+0000] {processor.py:743} INFO - Processing file /opt/airflow/dags/milestone_3.py for tasks to queue
[2023-01-02T18:46:12.440+0000] {logging_mixin.py:137} INFO - [2023-01-02T18:46:12.440+0000] {dagbag.py:538} INFO - Filling up the DagBag from /opt/airflow/dags/milestone_3.py
[2023-01-02T23:32:42.826+0000] {processor.py:153} INFO - Started process (PID=178) to work on /opt/airflow/dags/milestone_3.py
[2023-01-02T23:32:42.847+0000] {processor.py:743} INFO - Processing file /opt/airflow/dags/milestone_3.py for tasks to queue
[2023-01-02T23:32:42.869+0000] {logging_mixin.py:137} INFO - [2023-01-02T23:32:42.867+0000] {dagbag.py:538} INFO - Filling up the DagBag from /opt/airflow/dags/milestone_3.py
[2023-01-02T23:32:52.021+0000] {logging_mixin.py:137} INFO - [2023-01-02T23:32:52.020+0000] {font_manager.py:1443} INFO - generated new fontManager
[2023-01-02T23:33:05.647+0000] {processor.py:753} INFO - DAG(s) dict_keys(['uk_accidents_etl_pipeline']) retrieved from /opt/airflow/dags/milestone_3.py
[2023-01-02T23:33:06.246+0000] {logging_mixin.py:137} INFO - [2023-01-02T23:33:06.245+0000] {dag.py:2676} INFO - Sync 1 DAGs
[2023-01-02T23:33:06.492+0000] {logging_mixin.py:137} INFO - [2023-01-02T23:33:06.492+0000] {dag.py:3427} INFO - Setting next_dagrun for uk_accidents_etl_pipeline to None, run_after=None
[2023-01-02T23:33:06.712+0000] {processor.py:175} INFO - Processing /opt/airflow/dags/milestone_3.py took 23.897 seconds
[2023-01-02T23:33:37.774+0000] {processor.py:153} INFO - Started process (PID=231) to work on /opt/airflow/dags/milestone_3.py
[2023-01-02T23:33:37.779+0000] {processor.py:743} INFO - Processing file /opt/airflow/dags/milestone_3.py for tasks to queue
[2023-01-02T23:33:37.789+0000] {logging_mixin.py:137} INFO - [2023-01-02T23:33:37.789+0000] {dagbag.py:538} INFO - Filling up the DagBag from /opt/airflow/dags/milestone_3.py
[2023-01-02T23:33:52.139+0000] {processor.py:753} INFO - DAG(s) dict_keys(['uk_accidents_etl_pipeline']) retrieved from /opt/airflow/dags/milestone_3.py
[2023-01-02T23:33:52.413+0000] {logging_mixin.py:137} INFO - [2023-01-02T23:33:52.412+0000] {dag.py:2676} INFO - Sync 1 DAGs
[2023-01-02T23:33:52.586+0000] {logging_mixin.py:137} INFO - [2023-01-02T23:33:52.585+0000] {dag.py:3427} INFO - Setting next_dagrun for uk_accidents_etl_pipeline to None, run_after=None
[2023-01-02T23:33:52.685+0000] {processor.py:175} INFO - Processing /opt/airflow/dags/milestone_3.py took 14.945 seconds
[2023-01-02T23:34:23.406+0000] {processor.py:153} INFO - Started process (PID=263) to work on /opt/airflow/dags/milestone_3.py
[2023-01-02T23:34:23.412+0000] {processor.py:743} INFO - Processing file /opt/airflow/dags/milestone_3.py for tasks to queue
[2023-01-02T23:34:23.419+0000] {logging_mixin.py:137} INFO - [2023-01-02T23:34:23.418+0000] {dagbag.py:538} INFO - Filling up the DagBag from /opt/airflow/dags/milestone_3.py
[2023-01-02T23:34:35.323+0000] {processor.py:753} INFO - DAG(s) dict_keys(['uk_accidents_etl_pipeline']) retrieved from /opt/airflow/dags/milestone_3.py
[2023-01-02T23:34:35.447+0000] {logging_mixin.py:137} INFO - [2023-01-02T23:34:35.445+0000] {dag.py:2676} INFO - Sync 1 DAGs
[2023-01-02T23:34:35.513+0000] {logging_mixin.py:137} INFO - [2023-01-02T23:34:35.513+0000] {dag.py:3427} INFO - Setting next_dagrun for uk_accidents_etl_pipeline to None, run_after=None
[2023-01-02T23:34:35.600+0000] {processor.py:175} INFO - Processing /opt/airflow/dags/milestone_3.py took 12.211 seconds
[2023-01-02T23:35:06.060+0000] {processor.py:153} INFO - Started process (PID=314) to work on /opt/airflow/dags/milestone_3.py
[2023-01-02T23:35:06.062+0000] {processor.py:743} INFO - Processing file /opt/airflow/dags/milestone_3.py for tasks to queue
[2023-01-02T23:35:06.079+0000] {logging_mixin.py:137} INFO - [2023-01-02T23:35:06.078+0000] {dagbag.py:538} INFO - Filling up the DagBag from /opt/airflow/dags/milestone_3.py
[2023-01-02T23:35:21.890+0000] {processor.py:753} INFO - DAG(s) dict_keys(['uk_accidents_etl_pipeline']) retrieved from /opt/airflow/dags/milestone_3.py
[2023-01-02T23:35:22.066+0000] {logging_mixin.py:137} INFO - [2023-01-02T23:35:22.064+0000] {dag.py:2676} INFO - Sync 1 DAGs
[2023-01-02T23:35:22.172+0000] {logging_mixin.py:137} INFO - [2023-01-02T23:35:22.172+0000] {dag.py:3427} INFO - Setting next_dagrun for uk_accidents_etl_pipeline to None, run_after=None
[2023-01-02T23:35:22.326+0000] {processor.py:175} INFO - Processing /opt/airflow/dags/milestone_3.py took 16.279 seconds
[2023-01-02T23:35:53.186+0000] {processor.py:153} INFO - Started process (PID=352) to work on /opt/airflow/dags/milestone_3.py
[2023-01-02T23:35:53.188+0000] {processor.py:743} INFO - Processing file /opt/airflow/dags/milestone_3.py for tasks to queue
[2023-01-02T23:35:53.202+0000] {logging_mixin.py:137} INFO - [2023-01-02T23:35:53.202+0000] {dagbag.py:538} INFO - Filling up the DagBag from /opt/airflow/dags/milestone_3.py
[2023-01-02T23:36:05.567+0000] {processor.py:753} INFO - DAG(s) dict_keys(['uk_accidents_etl_pipeline']) retrieved from /opt/airflow/dags/milestone_3.py
[2023-01-02T23:36:05.862+0000] {logging_mixin.py:137} INFO - [2023-01-02T23:36:05.858+0000] {dag.py:2676} INFO - Sync 1 DAGs
[2023-01-02T23:36:06.005+0000] {logging_mixin.py:137} INFO - [2023-01-02T23:36:06.004+0000] {dag.py:3427} INFO - Setting next_dagrun for uk_accidents_etl_pipeline to None, run_after=None
[2023-01-02T23:36:06.122+0000] {processor.py:175} INFO - Processing /opt/airflow/dags/milestone_3.py took 12.948 seconds
[2023-01-02T23:36:37.018+0000] {processor.py:153} INFO - Started process (PID=385) to work on /opt/airflow/dags/milestone_3.py
[2023-01-02T23:36:37.020+0000] {processor.py:743} INFO - Processing file /opt/airflow/dags/milestone_3.py for tasks to queue
[2023-01-02T23:36:37.027+0000] {logging_mixin.py:137} INFO - [2023-01-02T23:36:37.026+0000] {dagbag.py:538} INFO - Filling up the DagBag from /opt/airflow/dags/milestone_3.py
[2023-01-02T23:36:51.540+0000] {processor.py:753} INFO - DAG(s) dict_keys(['uk_accidents_etl_pipeline']) retrieved from /opt/airflow/dags/milestone_3.py
[2023-01-02T23:36:51.768+0000] {logging_mixin.py:137} INFO - [2023-01-02T23:36:51.767+0000] {dag.py:2676} INFO - Sync 1 DAGs
[2023-01-02T23:36:51.982+0000] {logging_mixin.py:137} INFO - [2023-01-02T23:36:51.982+0000] {dag.py:3427} INFO - Setting next_dagrun for uk_accidents_etl_pipeline to None, run_after=None
[2023-01-02T23:36:52.105+0000] {processor.py:175} INFO - Processing /opt/airflow/dags/milestone_3.py took 15.100 seconds
[2023-01-02T23:37:22.445+0000] {processor.py:153} INFO - Started process (PID=423) to work on /opt/airflow/dags/milestone_3.py
[2023-01-02T23:37:22.456+0000] {processor.py:743} INFO - Processing file /opt/airflow/dags/milestone_3.py for tasks to queue
[2023-01-02T23:37:22.459+0000] {logging_mixin.py:137} INFO - [2023-01-02T23:37:22.458+0000] {dagbag.py:538} INFO - Filling up the DagBag from /opt/airflow/dags/milestone_3.py
[2023-01-02T23:37:38.051+0000] {processor.py:753} INFO - DAG(s) dict_keys(['uk_accidents_etl_pipeline']) retrieved from /opt/airflow/dags/milestone_3.py
[2023-01-02T23:37:38.272+0000] {logging_mixin.py:137} INFO - [2023-01-02T23:37:38.270+0000] {dag.py:2676} INFO - Sync 1 DAGs
[2023-01-02T23:37:38.475+0000] {logging_mixin.py:137} INFO - [2023-01-02T23:37:38.465+0000] {dag.py:3427} INFO - Setting next_dagrun for uk_accidents_etl_pipeline to None, run_after=None
[2023-01-02T23:37:38.659+0000] {processor.py:175} INFO - Processing /opt/airflow/dags/milestone_3.py took 16.222 seconds
[2023-01-02T23:38:09.424+0000] {processor.py:153} INFO - Started process (PID=464) to work on /opt/airflow/dags/milestone_3.py
[2023-01-02T23:38:09.426+0000] {processor.py:743} INFO - Processing file /opt/airflow/dags/milestone_3.py for tasks to queue
[2023-01-02T23:38:09.439+0000] {logging_mixin.py:137} INFO - [2023-01-02T23:38:09.439+0000] {dagbag.py:538} INFO - Filling up the DagBag from /opt/airflow/dags/milestone_3.py
[2023-01-02T23:38:23.744+0000] {processor.py:753} INFO - DAG(s) dict_keys(['uk_accidents_etl_pipeline']) retrieved from /opt/airflow/dags/milestone_3.py
[2023-01-02T23:38:23.934+0000] {logging_mixin.py:137} INFO - [2023-01-02T23:38:23.933+0000] {dag.py:2676} INFO - Sync 1 DAGs
[2023-01-02T23:38:24.068+0000] {logging_mixin.py:137} INFO - [2023-01-02T23:38:24.068+0000] {dag.py:3427} INFO - Setting next_dagrun for uk_accidents_etl_pipeline to None, run_after=None
[2023-01-02T23:38:24.148+0000] {processor.py:175} INFO - Processing /opt/airflow/dags/milestone_3.py took 14.744 seconds
[2023-01-02T23:38:55.222+0000] {processor.py:153} INFO - Started process (PID=506) to work on /opt/airflow/dags/milestone_3.py
[2023-01-02T23:38:55.234+0000] {processor.py:743} INFO - Processing file /opt/airflow/dags/milestone_3.py for tasks to queue
[2023-01-02T23:38:55.249+0000] {logging_mixin.py:137} INFO - [2023-01-02T23:38:55.248+0000] {dagbag.py:538} INFO - Filling up the DagBag from /opt/airflow/dags/milestone_3.py
[2023-01-02T23:39:06.375+0000] {processor.py:753} INFO - DAG(s) dict_keys(['uk_accidents_etl_pipeline']) retrieved from /opt/airflow/dags/milestone_3.py
[2023-01-02T23:39:06.540+0000] {logging_mixin.py:137} INFO - [2023-01-02T23:39:06.537+0000] {dag.py:2676} INFO - Sync 1 DAGs
[2023-01-02T23:39:06.651+0000] {logging_mixin.py:137} INFO - [2023-01-02T23:39:06.651+0000] {dag.py:3427} INFO - Setting next_dagrun for uk_accidents_etl_pipeline to None, run_after=None
[2023-01-02T23:39:06.748+0000] {processor.py:175} INFO - Processing /opt/airflow/dags/milestone_3.py took 11.543 seconds
[2023-01-02T23:39:37.475+0000] {processor.py:153} INFO - Started process (PID=538) to work on /opt/airflow/dags/milestone_3.py
[2023-01-02T23:39:37.478+0000] {processor.py:743} INFO - Processing file /opt/airflow/dags/milestone_3.py for tasks to queue
[2023-01-02T23:39:37.488+0000] {logging_mixin.py:137} INFO - [2023-01-02T23:39:37.487+0000] {dagbag.py:538} INFO - Filling up the DagBag from /opt/airflow/dags/milestone_3.py
[2023-01-02T23:39:50.272+0000] {processor.py:753} INFO - DAG(s) dict_keys(['uk_accidents_etl_pipeline']) retrieved from /opt/airflow/dags/milestone_3.py
[2023-01-02T23:39:50.405+0000] {logging_mixin.py:137} INFO - [2023-01-02T23:39:50.404+0000] {dag.py:2676} INFO - Sync 1 DAGs
[2023-01-02T23:39:50.492+0000] {logging_mixin.py:137} INFO - [2023-01-02T23:39:50.492+0000] {dag.py:3427} INFO - Setting next_dagrun for uk_accidents_etl_pipeline to None, run_after=None
[2023-01-02T23:39:50.631+0000] {processor.py:175} INFO - Processing /opt/airflow/dags/milestone_3.py took 13.163 seconds
[2023-01-02T23:40:21.243+0000] {processor.py:153} INFO - Started process (PID=569) to work on /opt/airflow/dags/milestone_3.py
[2023-01-02T23:40:21.253+0000] {processor.py:743} INFO - Processing file /opt/airflow/dags/milestone_3.py for tasks to queue
[2023-01-02T23:40:21.255+0000] {logging_mixin.py:137} INFO - [2023-01-02T23:40:21.255+0000] {dagbag.py:538} INFO - Filling up the DagBag from /opt/airflow/dags/milestone_3.py
[2023-01-02T23:40:30.446+0000] {processor.py:753} INFO - DAG(s) dict_keys(['uk_accidents_etl_pipeline']) retrieved from /opt/airflow/dags/milestone_3.py
[2023-01-02T23:40:30.601+0000] {logging_mixin.py:137} INFO - [2023-01-02T23:40:30.599+0000] {dag.py:2676} INFO - Sync 1 DAGs
[2023-01-02T23:40:30.710+0000] {logging_mixin.py:137} INFO - [2023-01-02T23:40:30.709+0000] {dag.py:3427} INFO - Setting next_dagrun for uk_accidents_etl_pipeline to None, run_after=None
[2023-01-02T23:40:30.846+0000] {processor.py:175} INFO - Processing /opt/airflow/dags/milestone_3.py took 9.609 seconds
[2023-01-02T23:41:01.107+0000] {processor.py:153} INFO - Started process (PID=601) to work on /opt/airflow/dags/milestone_3.py
[2023-01-02T23:41:01.116+0000] {processor.py:743} INFO - Processing file /opt/airflow/dags/milestone_3.py for tasks to queue
[2023-01-02T23:41:01.124+0000] {logging_mixin.py:137} INFO - [2023-01-02T23:41:01.124+0000] {dagbag.py:538} INFO - Filling up the DagBag from /opt/airflow/dags/milestone_3.py
[2023-01-02T23:41:11.580+0000] {processor.py:753} INFO - DAG(s) dict_keys(['uk_accidents_etl_pipeline']) retrieved from /opt/airflow/dags/milestone_3.py
[2023-01-02T23:41:11.784+0000] {logging_mixin.py:137} INFO - [2023-01-02T23:41:11.783+0000] {dag.py:2676} INFO - Sync 1 DAGs
[2023-01-02T23:41:11.949+0000] {logging_mixin.py:137} INFO - [2023-01-02T23:41:11.948+0000] {dag.py:3427} INFO - Setting next_dagrun for uk_accidents_etl_pipeline to None, run_after=None
[2023-01-02T23:41:16.244+0000] {processor.py:175} INFO - Processing /opt/airflow/dags/milestone_3.py took 15.149 seconds
[2023-01-02T23:41:46.603+0000] {processor.py:153} INFO - Started process (PID=632) to work on /opt/airflow/dags/milestone_3.py
[2023-01-02T23:41:46.634+0000] {processor.py:743} INFO - Processing file /opt/airflow/dags/milestone_3.py for tasks to queue
[2023-01-02T23:41:46.637+0000] {logging_mixin.py:137} INFO - [2023-01-02T23:41:46.636+0000] {dagbag.py:538} INFO - Filling up the DagBag from /opt/airflow/dags/milestone_3.py
[2023-01-02T23:42:00.426+0000] {processor.py:753} INFO - DAG(s) dict_keys(['uk_accidents_etl_pipeline']) retrieved from /opt/airflow/dags/milestone_3.py
[2023-01-02T23:42:00.563+0000] {logging_mixin.py:137} INFO - [2023-01-02T23:42:00.561+0000] {dag.py:2676} INFO - Sync 1 DAGs
[2023-01-02T23:42:00.684+0000] {logging_mixin.py:137} INFO - [2023-01-02T23:42:00.677+0000] {dag.py:3427} INFO - Setting next_dagrun for uk_accidents_etl_pipeline to None, run_after=None
[2023-01-02T23:42:00.821+0000] {processor.py:175} INFO - Processing /opt/airflow/dags/milestone_3.py took 14.242 seconds
[2023-01-02T23:42:31.661+0000] {processor.py:153} INFO - Started process (PID=675) to work on /opt/airflow/dags/milestone_3.py
[2023-01-02T23:42:31.671+0000] {processor.py:743} INFO - Processing file /opt/airflow/dags/milestone_3.py for tasks to queue
[2023-01-02T23:42:31.673+0000] {logging_mixin.py:137} INFO - [2023-01-02T23:42:31.673+0000] {dagbag.py:538} INFO - Filling up the DagBag from /opt/airflow/dags/milestone_3.py
[2023-01-02T23:42:44.593+0000] {processor.py:753} INFO - DAG(s) dict_keys(['uk_accidents_etl_pipeline']) retrieved from /opt/airflow/dags/milestone_3.py
[2023-01-02T23:42:44.691+0000] {logging_mixin.py:137} INFO - [2023-01-02T23:42:44.688+0000] {dag.py:2676} INFO - Sync 1 DAGs
[2023-01-02T23:42:44.791+0000] {logging_mixin.py:137} INFO - [2023-01-02T23:42:44.791+0000] {dag.py:3427} INFO - Setting next_dagrun for uk_accidents_etl_pipeline to None, run_after=None
[2023-01-02T23:42:44.920+0000] {processor.py:175} INFO - Processing /opt/airflow/dags/milestone_3.py took 13.286 seconds
[2023-01-02T23:43:15.993+0000] {processor.py:153} INFO - Started process (PID=710) to work on /opt/airflow/dags/milestone_3.py
[2023-01-02T23:43:16.008+0000] {processor.py:743} INFO - Processing file /opt/airflow/dags/milestone_3.py for tasks to queue
[2023-01-02T23:43:16.015+0000] {logging_mixin.py:137} INFO - [2023-01-02T23:43:16.015+0000] {dagbag.py:538} INFO - Filling up the DagBag from /opt/airflow/dags/milestone_3.py
[2023-01-02T23:43:26.763+0000] {processor.py:753} INFO - DAG(s) dict_keys(['uk_accidents_etl_pipeline']) retrieved from /opt/airflow/dags/milestone_3.py
[2023-01-02T23:43:26.892+0000] {logging_mixin.py:137} INFO - [2023-01-02T23:43:26.891+0000] {dag.py:2676} INFO - Sync 1 DAGs
[2023-01-02T23:43:26.981+0000] {logging_mixin.py:137} INFO - [2023-01-02T23:43:26.981+0000] {dag.py:3427} INFO - Setting next_dagrun for uk_accidents_etl_pipeline to None, run_after=None
[2023-01-02T23:43:27.078+0000] {processor.py:175} INFO - Processing /opt/airflow/dags/milestone_3.py took 11.119 seconds
[2023-01-02T23:43:58.076+0000] {processor.py:153} INFO - Started process (PID=741) to work on /opt/airflow/dags/milestone_3.py
[2023-01-02T23:43:58.094+0000] {processor.py:743} INFO - Processing file /opt/airflow/dags/milestone_3.py for tasks to queue
[2023-01-02T23:43:58.097+0000] {logging_mixin.py:137} INFO - [2023-01-02T23:43:58.097+0000] {dagbag.py:538} INFO - Filling up the DagBag from /opt/airflow/dags/milestone_3.py
[2023-01-02T23:44:07.321+0000] {processor.py:753} INFO - DAG(s) dict_keys(['uk_accidents_etl_pipeline']) retrieved from /opt/airflow/dags/milestone_3.py
[2023-01-02T23:44:07.494+0000] {logging_mixin.py:137} INFO - [2023-01-02T23:44:07.493+0000] {dag.py:2676} INFO - Sync 1 DAGs
[2023-01-02T23:44:07.652+0000] {logging_mixin.py:137} INFO - [2023-01-02T23:44:07.652+0000] {dag.py:3427} INFO - Setting next_dagrun for uk_accidents_etl_pipeline to None, run_after=None
[2023-01-02T23:44:07.771+0000] {processor.py:175} INFO - Processing /opt/airflow/dags/milestone_3.py took 9.699 seconds
[2023-01-02T23:44:38.565+0000] {processor.py:153} INFO - Started process (PID=774) to work on /opt/airflow/dags/milestone_3.py
[2023-01-02T23:44:38.576+0000] {processor.py:743} INFO - Processing file /opt/airflow/dags/milestone_3.py for tasks to queue
[2023-01-02T23:44:38.580+0000] {logging_mixin.py:137} INFO - [2023-01-02T23:44:38.580+0000] {dagbag.py:538} INFO - Filling up the DagBag from /opt/airflow/dags/milestone_3.py
[2023-01-02T23:44:49.922+0000] {processor.py:753} INFO - DAG(s) dict_keys(['uk_accidents_etl_pipeline']) retrieved from /opt/airflow/dags/milestone_3.py
[2023-01-02T23:44:50.070+0000] {logging_mixin.py:137} INFO - [2023-01-02T23:44:50.069+0000] {dag.py:2676} INFO - Sync 1 DAGs
[2023-01-02T23:44:50.175+0000] {logging_mixin.py:137} INFO - [2023-01-02T23:44:50.175+0000] {dag.py:3427} INFO - Setting next_dagrun for uk_accidents_etl_pipeline to None, run_after=None
[2023-01-02T23:44:50.243+0000] {processor.py:175} INFO - Processing /opt/airflow/dags/milestone_3.py took 11.708 seconds
[2023-01-02T23:45:20.525+0000] {processor.py:153} INFO - Started process (PID=808) to work on /opt/airflow/dags/milestone_3.py
[2023-01-02T23:45:20.538+0000] {processor.py:743} INFO - Processing file /opt/airflow/dags/milestone_3.py for tasks to queue
[2023-01-02T23:45:20.543+0000] {logging_mixin.py:137} INFO - [2023-01-02T23:45:20.543+0000] {dagbag.py:538} INFO - Filling up the DagBag from /opt/airflow/dags/milestone_3.py
[2023-01-02T23:45:29.955+0000] {processor.py:753} INFO - DAG(s) dict_keys(['uk_accidents_etl_pipeline']) retrieved from /opt/airflow/dags/milestone_3.py
[2023-01-02T23:45:30.105+0000] {logging_mixin.py:137} INFO - [2023-01-02T23:45:30.104+0000] {dag.py:2676} INFO - Sync 1 DAGs
[2023-01-02T23:45:30.246+0000] {logging_mixin.py:137} INFO - [2023-01-02T23:45:30.246+0000] {dag.py:3427} INFO - Setting next_dagrun for uk_accidents_etl_pipeline to None, run_after=None
[2023-01-02T23:45:30.436+0000] {processor.py:175} INFO - Processing /opt/airflow/dags/milestone_3.py took 9.922 seconds
[2023-01-02T23:46:00.859+0000] {processor.py:153} INFO - Started process (PID=841) to work on /opt/airflow/dags/milestone_3.py
[2023-01-02T23:46:00.862+0000] {processor.py:743} INFO - Processing file /opt/airflow/dags/milestone_3.py for tasks to queue
[2023-01-02T23:46:00.864+0000] {logging_mixin.py:137} INFO - [2023-01-02T23:46:00.864+0000] {dagbag.py:538} INFO - Filling up the DagBag from /opt/airflow/dags/milestone_3.py
[2023-01-02T23:46:08.936+0000] {processor.py:753} INFO - DAG(s) dict_keys(['uk_accidents_etl_pipeline']) retrieved from /opt/airflow/dags/milestone_3.py
[2023-01-02T23:46:09.041+0000] {logging_mixin.py:137} INFO - [2023-01-02T23:46:09.038+0000] {dag.py:2676} INFO - Sync 1 DAGs
[2023-01-02T23:46:09.123+0000] {logging_mixin.py:137} INFO - [2023-01-02T23:46:09.123+0000] {dag.py:3427} INFO - Setting next_dagrun for uk_accidents_etl_pipeline to None, run_after=None
[2023-01-02T23:46:09.181+0000] {processor.py:175} INFO - Processing /opt/airflow/dags/milestone_3.py took 8.335 seconds
[2023-01-02T23:46:39.445+0000] {processor.py:153} INFO - Started process (PID=872) to work on /opt/airflow/dags/milestone_3.py
[2023-01-02T23:46:39.446+0000] {processor.py:743} INFO - Processing file /opt/airflow/dags/milestone_3.py for tasks to queue
[2023-01-02T23:46:39.451+0000] {logging_mixin.py:137} INFO - [2023-01-02T23:46:39.450+0000] {dagbag.py:538} INFO - Filling up the DagBag from /opt/airflow/dags/milestone_3.py
[2023-01-02T23:46:46.338+0000] {processor.py:753} INFO - DAG(s) dict_keys(['uk_accidents_etl_pipeline']) retrieved from /opt/airflow/dags/milestone_3.py
[2023-01-02T23:46:46.494+0000] {logging_mixin.py:137} INFO - [2023-01-02T23:46:46.493+0000] {dag.py:2676} INFO - Sync 1 DAGs
[2023-01-02T23:46:46.589+0000] {logging_mixin.py:137} INFO - [2023-01-02T23:46:46.589+0000] {dag.py:3427} INFO - Setting next_dagrun for uk_accidents_etl_pipeline to None, run_after=None
[2023-01-02T23:46:46.690+0000] {processor.py:175} INFO - Processing /opt/airflow/dags/milestone_3.py took 7.251 seconds
[2023-01-02T23:47:16.895+0000] {processor.py:153} INFO - Started process (PID=904) to work on /opt/airflow/dags/milestone_3.py
[2023-01-02T23:47:16.897+0000] {processor.py:743} INFO - Processing file /opt/airflow/dags/milestone_3.py for tasks to queue
[2023-01-02T23:47:16.898+0000] {logging_mixin.py:137} INFO - [2023-01-02T23:47:16.898+0000] {dagbag.py:538} INFO - Filling up the DagBag from /opt/airflow/dags/milestone_3.py
[2023-01-02T23:47:23.750+0000] {processor.py:753} INFO - DAG(s) dict_keys(['uk_accidents_etl_pipeline']) retrieved from /opt/airflow/dags/milestone_3.py
[2023-01-02T23:47:23.848+0000] {logging_mixin.py:137} INFO - [2023-01-02T23:47:23.847+0000] {dag.py:2676} INFO - Sync 1 DAGs
[2023-01-02T23:47:23.933+0000] {logging_mixin.py:137} INFO - [2023-01-02T23:47:23.933+0000] {dag.py:3427} INFO - Setting next_dagrun for uk_accidents_etl_pipeline to None, run_after=None
[2023-01-02T23:47:24.030+0000] {processor.py:175} INFO - Processing /opt/airflow/dags/milestone_3.py took 7.139 seconds
[2023-01-02T23:47:54.981+0000] {processor.py:153} INFO - Started process (PID=947) to work on /opt/airflow/dags/milestone_3.py
[2023-01-02T23:47:54.985+0000] {processor.py:743} INFO - Processing file /opt/airflow/dags/milestone_3.py for tasks to queue
[2023-01-02T23:47:54.994+0000] {logging_mixin.py:137} INFO - [2023-01-02T23:47:54.993+0000] {dagbag.py:538} INFO - Filling up the DagBag from /opt/airflow/dags/milestone_3.py
[2023-01-02T23:48:10.044+0000] {processor.py:753} INFO - DAG(s) dict_keys(['uk_accidents_etl_pipeline']) retrieved from /opt/airflow/dags/milestone_3.py
[2023-01-02T23:48:10.216+0000] {logging_mixin.py:137} INFO - [2023-01-02T23:48:10.214+0000] {dag.py:2676} INFO - Sync 1 DAGs
[2023-01-02T23:48:10.309+0000] {logging_mixin.py:137} INFO - [2023-01-02T23:48:10.309+0000] {dag.py:3427} INFO - Setting next_dagrun for uk_accidents_etl_pipeline to None, run_after=None
[2023-01-02T23:48:10.373+0000] {processor.py:175} INFO - Processing /opt/airflow/dags/milestone_3.py took 15.399 seconds
[2023-01-02T23:48:40.715+0000] {processor.py:153} INFO - Started process (PID=988) to work on /opt/airflow/dags/milestone_3.py
[2023-01-02T23:48:40.717+0000] {processor.py:743} INFO - Processing file /opt/airflow/dags/milestone_3.py for tasks to queue
[2023-01-02T23:48:40.719+0000] {logging_mixin.py:137} INFO - [2023-01-02T23:48:40.719+0000] {dagbag.py:538} INFO - Filling up the DagBag from /opt/airflow/dags/milestone_3.py
[2023-01-02T23:48:49.748+0000] {processor.py:753} INFO - DAG(s) dict_keys(['uk_accidents_etl_pipeline']) retrieved from /opt/airflow/dags/milestone_3.py
[2023-01-02T23:48:49.915+0000] {logging_mixin.py:137} INFO - [2023-01-02T23:48:49.911+0000] {dag.py:2676} INFO - Sync 1 DAGs
[2023-01-02T23:48:50.083+0000] {logging_mixin.py:137} INFO - [2023-01-02T23:48:50.083+0000] {dag.py:3427} INFO - Setting next_dagrun for uk_accidents_etl_pipeline to None, run_after=None
[2023-01-02T23:48:50.178+0000] {processor.py:175} INFO - Processing /opt/airflow/dags/milestone_3.py took 9.489 seconds
[2023-01-02T23:49:20.417+0000] {processor.py:153} INFO - Started process (PID=1026) to work on /opt/airflow/dags/milestone_3.py
[2023-01-02T23:49:20.423+0000] {processor.py:743} INFO - Processing file /opt/airflow/dags/milestone_3.py for tasks to queue
[2023-01-02T23:49:20.430+0000] {logging_mixin.py:137} INFO - [2023-01-02T23:49:20.427+0000] {dagbag.py:538} INFO - Filling up the DagBag from /opt/airflow/dags/milestone_3.py
[2023-01-02T23:49:29.565+0000] {processor.py:753} INFO - DAG(s) dict_keys(['uk_accidents_etl_pipeline']) retrieved from /opt/airflow/dags/milestone_3.py
[2023-01-02T23:49:29.645+0000] {logging_mixin.py:137} INFO - [2023-01-02T23:49:29.644+0000] {dag.py:2676} INFO - Sync 1 DAGs
[2023-01-02T23:49:29.742+0000] {logging_mixin.py:137} INFO - [2023-01-02T23:49:29.742+0000] {dag.py:3427} INFO - Setting next_dagrun for uk_accidents_etl_pipeline to None, run_after=None
[2023-01-02T23:49:29.797+0000] {processor.py:175} INFO - Processing /opt/airflow/dags/milestone_3.py took 9.387 seconds
[2023-01-02T23:50:00.396+0000] {processor.py:153} INFO - Started process (PID=1059) to work on /opt/airflow/dags/milestone_3.py
[2023-01-02T23:50:00.397+0000] {processor.py:743} INFO - Processing file /opt/airflow/dags/milestone_3.py for tasks to queue
[2023-01-02T23:50:00.400+0000] {logging_mixin.py:137} INFO - [2023-01-02T23:50:00.399+0000] {dagbag.py:538} INFO - Filling up the DagBag from /opt/airflow/dags/milestone_3.py
[2023-01-02T23:50:07.342+0000] {processor.py:753} INFO - DAG(s) dict_keys(['uk_accidents_etl_pipeline']) retrieved from /opt/airflow/dags/milestone_3.py
[2023-01-02T23:50:07.511+0000] {logging_mixin.py:137} INFO - [2023-01-02T23:50:07.510+0000] {dag.py:2676} INFO - Sync 1 DAGs
[2023-01-02T23:50:07.591+0000] {logging_mixin.py:137} INFO - [2023-01-02T23:50:07.591+0000] {dag.py:3427} INFO - Setting next_dagrun for uk_accidents_etl_pipeline to None, run_after=None
[2023-01-02T23:50:07.683+0000] {processor.py:175} INFO - Processing /opt/airflow/dags/milestone_3.py took 7.305 seconds
[2023-01-02T23:50:38.072+0000] {processor.py:153} INFO - Started process (PID=1091) to work on /opt/airflow/dags/milestone_3.py
[2023-01-02T23:50:38.081+0000] {processor.py:743} INFO - Processing file /opt/airflow/dags/milestone_3.py for tasks to queue
[2023-01-02T23:50:38.084+0000] {logging_mixin.py:137} INFO - [2023-01-02T23:50:38.083+0000] {dagbag.py:538} INFO - Filling up the DagBag from /opt/airflow/dags/milestone_3.py
[2023-01-02T23:50:47.134+0000] {processor.py:753} INFO - DAG(s) dict_keys(['uk_accidents_etl_pipeline']) retrieved from /opt/airflow/dags/milestone_3.py
[2023-01-02T23:50:47.253+0000] {logging_mixin.py:137} INFO - [2023-01-02T23:50:47.252+0000] {dag.py:2676} INFO - Sync 1 DAGs
[2023-01-02T23:50:47.338+0000] {logging_mixin.py:137} INFO - [2023-01-02T23:50:47.338+0000] {dag.py:3427} INFO - Setting next_dagrun for uk_accidents_etl_pipeline to None, run_after=None
[2023-01-02T23:50:47.446+0000] {processor.py:175} INFO - Processing /opt/airflow/dags/milestone_3.py took 9.385 seconds
[2023-01-02T23:51:17.816+0000] {processor.py:153} INFO - Started process (PID=1124) to work on /opt/airflow/dags/milestone_3.py
[2023-01-02T23:51:17.829+0000] {processor.py:743} INFO - Processing file /opt/airflow/dags/milestone_3.py for tasks to queue
[2023-01-02T23:51:17.831+0000] {logging_mixin.py:137} INFO - [2023-01-02T23:51:17.831+0000] {dagbag.py:538} INFO - Filling up the DagBag from /opt/airflow/dags/milestone_3.py
[2023-01-02T23:51:23.856+0000] {processor.py:753} INFO - DAG(s) dict_keys(['uk_accidents_etl_pipeline']) retrieved from /opt/airflow/dags/milestone_3.py
[2023-01-02T23:51:23.933+0000] {logging_mixin.py:137} INFO - [2023-01-02T23:51:23.932+0000] {dag.py:2676} INFO - Sync 1 DAGs
[2023-01-02T23:51:24.014+0000] {logging_mixin.py:137} INFO - [2023-01-02T23:51:24.013+0000] {dag.py:3427} INFO - Setting next_dagrun for uk_accidents_etl_pipeline to None, run_after=None
[2023-01-02T23:51:24.095+0000] {processor.py:175} INFO - Processing /opt/airflow/dags/milestone_3.py took 6.286 seconds
[2023-01-02T23:51:54.545+0000] {processor.py:153} INFO - Started process (PID=1157) to work on /opt/airflow/dags/milestone_3.py
[2023-01-02T23:51:54.549+0000] {processor.py:743} INFO - Processing file /opt/airflow/dags/milestone_3.py for tasks to queue
[2023-01-02T23:51:54.551+0000] {logging_mixin.py:137} INFO - [2023-01-02T23:51:54.551+0000] {dagbag.py:538} INFO - Filling up the DagBag from /opt/airflow/dags/milestone_3.py
[2023-01-02T23:52:00.731+0000] {processor.py:753} INFO - DAG(s) dict_keys(['uk_accidents_etl_pipeline']) retrieved from /opt/airflow/dags/milestone_3.py
[2023-01-02T23:52:00.893+0000] {logging_mixin.py:137} INFO - [2023-01-02T23:52:00.892+0000] {dag.py:2676} INFO - Sync 1 DAGs
[2023-01-02T23:52:00.978+0000] {logging_mixin.py:137} INFO - [2023-01-02T23:52:00.978+0000] {dag.py:3427} INFO - Setting next_dagrun for uk_accidents_etl_pipeline to None, run_after=None
[2023-01-02T23:52:01.076+0000] {processor.py:175} INFO - Processing /opt/airflow/dags/milestone_3.py took 6.535 seconds
[2023-01-02T23:52:31.682+0000] {processor.py:153} INFO - Started process (PID=1189) to work on /opt/airflow/dags/milestone_3.py
[2023-01-02T23:52:31.684+0000] {processor.py:743} INFO - Processing file /opt/airflow/dags/milestone_3.py for tasks to queue
[2023-01-02T23:52:31.686+0000] {logging_mixin.py:137} INFO - [2023-01-02T23:52:31.686+0000] {dagbag.py:538} INFO - Filling up the DagBag from /opt/airflow/dags/milestone_3.py
[2023-01-02T23:52:39.659+0000] {processor.py:753} INFO - DAG(s) dict_keys(['uk_accidents_etl_pipeline']) retrieved from /opt/airflow/dags/milestone_3.py
[2023-01-02T23:52:39.794+0000] {logging_mixin.py:137} INFO - [2023-01-02T23:52:39.790+0000] {dag.py:2676} INFO - Sync 1 DAGs
[2023-01-02T23:52:39.860+0000] {logging_mixin.py:137} INFO - [2023-01-02T23:52:39.860+0000] {dag.py:3427} INFO - Setting next_dagrun for uk_accidents_etl_pipeline to None, run_after=None
[2023-01-02T23:52:39.953+0000] {processor.py:175} INFO - Processing /opt/airflow/dags/milestone_3.py took 8.278 seconds
[2023-01-02T23:53:10.321+0000] {processor.py:153} INFO - Started process (PID=1223) to work on /opt/airflow/dags/milestone_3.py
[2023-01-02T23:53:10.323+0000] {processor.py:743} INFO - Processing file /opt/airflow/dags/milestone_3.py for tasks to queue
[2023-01-02T23:53:10.327+0000] {logging_mixin.py:137} INFO - [2023-01-02T23:53:10.327+0000] {dagbag.py:538} INFO - Filling up the DagBag from /opt/airflow/dags/milestone_3.py
[2023-01-02T23:53:18.805+0000] {processor.py:753} INFO - DAG(s) dict_keys(['uk_accidents_etl_pipeline']) retrieved from /opt/airflow/dags/milestone_3.py
[2023-01-02T23:53:18.896+0000] {logging_mixin.py:137} INFO - [2023-01-02T23:53:18.895+0000] {dag.py:2676} INFO - Sync 1 DAGs
[2023-01-02T23:53:18.959+0000] {logging_mixin.py:137} INFO - [2023-01-02T23:53:18.959+0000] {dag.py:3427} INFO - Setting next_dagrun for uk_accidents_etl_pipeline to None, run_after=None
[2023-01-02T23:53:19.023+0000] {processor.py:175} INFO - Processing /opt/airflow/dags/milestone_3.py took 8.707 seconds
[2023-01-02T23:53:49.661+0000] {processor.py:153} INFO - Started process (PID=1267) to work on /opt/airflow/dags/milestone_3.py
[2023-01-02T23:53:49.663+0000] {processor.py:743} INFO - Processing file /opt/airflow/dags/milestone_3.py for tasks to queue
[2023-01-02T23:53:49.671+0000] {logging_mixin.py:137} INFO - [2023-01-02T23:53:49.670+0000] {dagbag.py:538} INFO - Filling up the DagBag from /opt/airflow/dags/milestone_3.py
[2023-01-02T23:54:00.805+0000] {processor.py:753} INFO - DAG(s) dict_keys(['uk_accidents_etl_pipeline']) retrieved from /opt/airflow/dags/milestone_3.py
[2023-01-02T23:54:00.946+0000] {logging_mixin.py:137} INFO - [2023-01-02T23:54:00.944+0000] {dag.py:2676} INFO - Sync 1 DAGs
[2023-01-02T23:54:01.090+0000] {logging_mixin.py:137} INFO - [2023-01-02T23:54:01.089+0000] {dag.py:3427} INFO - Setting next_dagrun for uk_accidents_etl_pipeline to None, run_after=None
[2023-01-02T23:54:01.236+0000] {processor.py:175} INFO - Processing /opt/airflow/dags/milestone_3.py took 11.586 seconds
[2023-01-02T23:54:31.620+0000] {processor.py:153} INFO - Started process (PID=1299) to work on /opt/airflow/dags/milestone_3.py
[2023-01-02T23:54:31.625+0000] {processor.py:743} INFO - Processing file /opt/airflow/dags/milestone_3.py for tasks to queue
[2023-01-02T23:54:31.629+0000] {logging_mixin.py:137} INFO - [2023-01-02T23:54:31.628+0000] {dagbag.py:538} INFO - Filling up the DagBag from /opt/airflow/dags/milestone_3.py
[2023-01-02T23:54:40.417+0000] {processor.py:753} INFO - DAG(s) dict_keys(['uk_accidents_etl_pipeline']) retrieved from /opt/airflow/dags/milestone_3.py
[2023-01-02T23:54:40.681+0000] {logging_mixin.py:137} INFO - [2023-01-02T23:54:40.680+0000] {dag.py:2676} INFO - Sync 1 DAGs
[2023-01-02T23:54:40.752+0000] {logging_mixin.py:137} INFO - [2023-01-02T23:54:40.752+0000] {dag.py:3427} INFO - Setting next_dagrun for uk_accidents_etl_pipeline to None, run_after=None
[2023-01-02T23:54:40.820+0000] {processor.py:175} INFO - Processing /opt/airflow/dags/milestone_3.py took 9.210 seconds
[2023-01-02T23:55:11.437+0000] {processor.py:153} INFO - Started process (PID=1343) to work on /opt/airflow/dags/milestone_3.py
[2023-01-02T23:55:11.440+0000] {processor.py:743} INFO - Processing file /opt/airflow/dags/milestone_3.py for tasks to queue
[2023-01-02T23:55:11.454+0000] {logging_mixin.py:137} INFO - [2023-01-02T23:55:11.449+0000] {dagbag.py:538} INFO - Filling up the DagBag from /opt/airflow/dags/milestone_3.py
[2023-01-02T23:55:19.665+0000] {processor.py:753} INFO - DAG(s) dict_keys(['uk_accidents_etl_pipeline']) retrieved from /opt/airflow/dags/milestone_3.py
[2023-01-02T23:55:19.843+0000] {logging_mixin.py:137} INFO - [2023-01-02T23:55:19.841+0000] {dag.py:2676} INFO - Sync 1 DAGs
[2023-01-02T23:55:19.975+0000] {logging_mixin.py:137} INFO - [2023-01-02T23:55:19.975+0000] {dag.py:3427} INFO - Setting next_dagrun for uk_accidents_etl_pipeline to None, run_after=None
[2023-01-02T23:55:20.076+0000] {processor.py:175} INFO - Processing /opt/airflow/dags/milestone_3.py took 8.651 seconds
[2023-01-02T23:55:50.862+0000] {processor.py:153} INFO - Started process (PID=1384) to work on /opt/airflow/dags/milestone_3.py
[2023-01-02T23:55:50.878+0000] {processor.py:743} INFO - Processing file /opt/airflow/dags/milestone_3.py for tasks to queue
[2023-01-02T23:55:50.893+0000] {logging_mixin.py:137} INFO - [2023-01-02T23:55:50.893+0000] {dagbag.py:538} INFO - Filling up the DagBag from /opt/airflow/dags/milestone_3.py
[2023-01-02T23:56:07.580+0000] {processor.py:753} INFO - DAG(s) dict_keys(['uk_accidents_etl_pipeline']) retrieved from /opt/airflow/dags/milestone_3.py
[2023-01-02T23:56:07.992+0000] {logging_mixin.py:137} INFO - [2023-01-02T23:56:07.991+0000] {dag.py:2676} INFO - Sync 1 DAGs
[2023-01-02T23:56:08.456+0000] {logging_mixin.py:137} INFO - [2023-01-02T23:56:08.455+0000] {dag.py:3427} INFO - Setting next_dagrun for uk_accidents_etl_pipeline to None, run_after=None
[2023-01-02T23:56:09.457+0000] {processor.py:175} INFO - Processing /opt/airflow/dags/milestone_3.py took 18.602 seconds
[2023-01-02T23:56:40.583+0000] {processor.py:153} INFO - Started process (PID=1439) to work on /opt/airflow/dags/milestone_3.py
[2023-01-02T23:56:40.586+0000] {processor.py:743} INFO - Processing file /opt/airflow/dags/milestone_3.py for tasks to queue
[2023-01-02T23:56:40.588+0000] {logging_mixin.py:137} INFO - [2023-01-02T23:56:40.588+0000] {dagbag.py:538} INFO - Filling up the DagBag from /opt/airflow/dags/milestone_3.py
[2023-01-02T23:56:47.872+0000] {processor.py:753} INFO - DAG(s) dict_keys(['uk_accidents_etl_pipeline']) retrieved from /opt/airflow/dags/milestone_3.py
[2023-01-02T23:56:47.961+0000] {logging_mixin.py:137} INFO - [2023-01-02T23:56:47.959+0000] {dag.py:2676} INFO - Sync 1 DAGs
[2023-01-02T23:56:48.120+0000] {logging_mixin.py:137} INFO - [2023-01-02T23:56:48.120+0000] {dag.py:3427} INFO - Setting next_dagrun for uk_accidents_etl_pipeline to None, run_after=None
[2023-01-02T23:56:48.224+0000] {processor.py:175} INFO - Processing /opt/airflow/dags/milestone_3.py took 7.653 seconds
[2023-01-02T23:57:18.745+0000] {processor.py:153} INFO - Started process (PID=1477) to work on /opt/airflow/dags/milestone_3.py
[2023-01-02T23:57:18.747+0000] {processor.py:743} INFO - Processing file /opt/airflow/dags/milestone_3.py for tasks to queue
[2023-01-02T23:57:18.749+0000] {logging_mixin.py:137} INFO - [2023-01-02T23:57:18.749+0000] {dagbag.py:538} INFO - Filling up the DagBag from /opt/airflow/dags/milestone_3.py
[2023-01-02T23:57:25.338+0000] {processor.py:753} INFO - DAG(s) dict_keys(['uk_accidents_etl_pipeline']) retrieved from /opt/airflow/dags/milestone_3.py
[2023-01-02T23:57:25.425+0000] {logging_mixin.py:137} INFO - [2023-01-02T23:57:25.425+0000] {dag.py:2676} INFO - Sync 1 DAGs
[2023-01-02T23:57:25.517+0000] {logging_mixin.py:137} INFO - [2023-01-02T23:57:25.517+0000] {dag.py:3427} INFO - Setting next_dagrun for uk_accidents_etl_pipeline to None, run_after=None
[2023-01-02T23:57:25.566+0000] {processor.py:175} INFO - Processing /opt/airflow/dags/milestone_3.py took 6.833 seconds
[2023-01-02T23:57:55.902+0000] {processor.py:153} INFO - Started process (PID=1520) to work on /opt/airflow/dags/milestone_3.py
[2023-01-02T23:57:55.911+0000] {processor.py:743} INFO - Processing file /opt/airflow/dags/milestone_3.py for tasks to queue
[2023-01-02T23:57:55.913+0000] {logging_mixin.py:137} INFO - [2023-01-02T23:57:55.912+0000] {dagbag.py:538} INFO - Filling up the DagBag from /opt/airflow/dags/milestone_3.py
[2023-01-02T23:58:06.085+0000] {processor.py:753} INFO - DAG(s) dict_keys(['uk_accidents_etl_pipeline']) retrieved from /opt/airflow/dags/milestone_3.py
[2023-01-02T23:58:06.293+0000] {logging_mixin.py:137} INFO - [2023-01-02T23:58:06.292+0000] {dag.py:2676} INFO - Sync 1 DAGs
[2023-01-02T23:58:06.468+0000] {logging_mixin.py:137} INFO - [2023-01-02T23:58:06.468+0000] {dag.py:3427} INFO - Setting next_dagrun for uk_accidents_etl_pipeline to None, run_after=None
[2023-01-02T23:58:06.559+0000] {processor.py:175} INFO - Processing /opt/airflow/dags/milestone_3.py took 10.669 seconds
[2023-01-02T23:58:11.052+0000] {processor.py:153} INFO - Started process (PID=1535) to work on /opt/airflow/dags/milestone_3.py
[2023-01-02T23:58:11.056+0000] {processor.py:743} INFO - Processing file /opt/airflow/dags/milestone_3.py for tasks to queue
[2023-01-02T23:58:11.066+0000] {logging_mixin.py:137} INFO - [2023-01-02T23:58:11.065+0000] {dagbag.py:538} INFO - Filling up the DagBag from /opt/airflow/dags/milestone_3.py
[2023-01-02T23:58:18.832+0000] {processor.py:753} INFO - DAG(s) dict_keys(['uk_accidents_etl_pipeline']) retrieved from /opt/airflow/dags/milestone_3.py
[2023-01-02T23:58:18.913+0000] {logging_mixin.py:137} INFO - [2023-01-02T23:58:18.912+0000] {taskinstance.py:1774} ERROR - {'DAG Id': 'uk_accidents_etl_pipeline', 'Task Id': 'create_dashboard', 'Run Id': 'manual__2023-01-02T23:54:40.991487+00:00', 'Hostname': '82068c2abeb3'}
[2023-01-02T23:58:18.969+0000] {logging_mixin.py:137} INFO - [2023-01-02T23:58:18.969+0000] {taskinstance.py:1327} INFO - Marking task as UP_FOR_RETRY. dag_id=uk_accidents_etl_pipeline, task_id=create_dashboard, execution_date=20230102T235440, start_date=20230102T235734, end_date=20230102T235818
[2023-01-02T23:58:18.989+0000] {processor.py:713} INFO - Executed failure callback for <TaskInstance: uk_accidents_etl_pipeline.create_dashboard manual__2023-01-02T23:54:40.991487+00:00 [up_for_retry]> in state up_for_retry
[2023-01-02T23:58:19.010+0000] {logging_mixin.py:137} INFO - [2023-01-02T23:58:19.008+0000] {taskinstance.py:1774} ERROR - {'DAG Id': 'uk_accidents_etl_pipeline', 'Task Id': 'create_dashboard', 'Run Id': 'manual__2023-01-02T23:54:40.991487+00:00', 'Hostname': '82068c2abeb3'}
[2023-01-02T23:58:19.055+0000] {logging_mixin.py:137} INFO - [2023-01-02T23:58:19.054+0000] {taskinstance.py:1327} INFO - Marking task as FAILED. dag_id=uk_accidents_etl_pipeline, task_id=create_dashboard, execution_date=20230102T235440, start_date=20230102T235734, end_date=20230102T235819
[2023-01-02T23:58:19.063+0000] {processor.py:713} INFO - Executed failure callback for <TaskInstance: uk_accidents_etl_pipeline.create_dashboard manual__2023-01-02T23:54:40.991487+00:00 [failed]> in state failed
[2023-01-02T23:58:19.188+0000] {logging_mixin.py:137} INFO - [2023-01-02T23:58:19.186+0000] {dag.py:2676} INFO - Sync 1 DAGs
[2023-01-02T23:58:19.313+0000] {logging_mixin.py:137} INFO - [2023-01-02T23:58:19.313+0000] {dag.py:3427} INFO - Setting next_dagrun for uk_accidents_etl_pipeline to None, run_after=None
[2023-01-02T23:58:19.458+0000] {processor.py:175} INFO - Processing /opt/airflow/dags/milestone_3.py took 8.427 seconds
[2023-01-02T23:58:49.768+0000] {processor.py:153} INFO - Started process (PID=1567) to work on /opt/airflow/dags/milestone_3.py
[2023-01-02T23:58:49.773+0000] {processor.py:743} INFO - Processing file /opt/airflow/dags/milestone_3.py for tasks to queue
[2023-01-02T23:58:49.775+0000] {logging_mixin.py:137} INFO - [2023-01-02T23:58:49.775+0000] {dagbag.py:538} INFO - Filling up the DagBag from /opt/airflow/dags/milestone_3.py
[2023-01-02T23:58:57.886+0000] {processor.py:753} INFO - DAG(s) dict_keys(['uk_accidents_etl_pipeline']) retrieved from /opt/airflow/dags/milestone_3.py
[2023-01-02T23:58:58.058+0000] {logging_mixin.py:137} INFO - [2023-01-02T23:58:58.056+0000] {dag.py:2676} INFO - Sync 1 DAGs
[2023-01-02T23:58:58.212+0000] {logging_mixin.py:137} INFO - [2023-01-02T23:58:58.212+0000] {dag.py:3427} INFO - Setting next_dagrun for uk_accidents_etl_pipeline to None, run_after=None
[2023-01-02T23:58:58.329+0000] {processor.py:175} INFO - Processing /opt/airflow/dags/milestone_3.py took 8.598 seconds
[2023-01-02T23:59:28.867+0000] {processor.py:153} INFO - Started process (PID=1603) to work on /opt/airflow/dags/milestone_3.py
[2023-01-02T23:59:28.871+0000] {processor.py:743} INFO - Processing file /opt/airflow/dags/milestone_3.py for tasks to queue
[2023-01-02T23:59:28.873+0000] {logging_mixin.py:137} INFO - [2023-01-02T23:59:28.873+0000] {dagbag.py:538} INFO - Filling up the DagBag from /opt/airflow/dags/milestone_3.py
[2023-01-02T23:59:40.092+0000] {processor.py:753} INFO - DAG(s) dict_keys(['uk_accidents_etl_pipeline']) retrieved from /opt/airflow/dags/milestone_3.py
[2023-01-02T23:59:40.195+0000] {logging_mixin.py:137} INFO - [2023-01-02T23:59:40.193+0000] {dag.py:2676} INFO - Sync 1 DAGs
[2023-01-02T23:59:40.336+0000] {logging_mixin.py:137} INFO - [2023-01-02T23:59:40.336+0000] {dag.py:3427} INFO - Setting next_dagrun for uk_accidents_etl_pipeline to None, run_after=None
[2023-01-02T23:59:40.478+0000] {processor.py:175} INFO - Processing /opt/airflow/dags/milestone_3.py took 11.623 seconds
