[2023-01-05T12:18:52.349+0000] {taskinstance.py:1087} INFO - Dependencies all met for <TaskInstance: uk_accidents_etl_pipeline.milestone_2 manual__2023-01-05T12:17:22.287490+00:00 [queued]>
[2023-01-05T12:18:52.429+0000] {taskinstance.py:1087} INFO - Dependencies all met for <TaskInstance: uk_accidents_etl_pipeline.milestone_2 manual__2023-01-05T12:17:22.287490+00:00 [queued]>
[2023-01-05T12:18:52.431+0000] {taskinstance.py:1283} INFO - 
--------------------------------------------------------------------------------
[2023-01-05T12:18:52.432+0000] {taskinstance.py:1284} INFO - Starting attempt 1 of 2
[2023-01-05T12:18:52.433+0000] {taskinstance.py:1285} INFO - 
--------------------------------------------------------------------------------
[2023-01-05T12:18:52.535+0000] {taskinstance.py:1304} INFO - Executing <Task(PythonOperator): milestone_2> on 2023-01-05 12:17:22.287490+00:00
[2023-01-05T12:18:52.567+0000] {standard_task_runner.py:55} INFO - Started process 345 to run task
[2023-01-05T12:18:52.585+0000] {standard_task_runner.py:82} INFO - Running: ['***', 'tasks', 'run', 'uk_accidents_etl_pipeline', 'milestone_2', 'manual__2023-01-05T12:17:22.287490+00:00', '--job-id', '33', '--raw', '--subdir', 'DAGS_FOLDER/milestone_3.py', '--cfg-path', '/tmp/tmpjpz12332']
[2023-01-05T12:18:52.593+0000] {standard_task_runner.py:83} INFO - Job 33: Subtask milestone_2
[2023-01-05T12:18:52.834+0000] {task_command.py:389} INFO - Running <TaskInstance: uk_accidents_etl_pipeline.milestone_2 manual__2023-01-05T12:17:22.287490+00:00 [running]> on host ecc1437a0be2
[2023-01-05T12:18:53.126+0000] {taskinstance.py:1513} INFO - Exporting the following env vars:
AIRFLOW_CTX_DAG_OWNER=***
AIRFLOW_CTX_DAG_ID=uk_accidents_etl_pipeline
AIRFLOW_CTX_TASK_ID=milestone_2
AIRFLOW_CTX_EXECUTION_DATE=2023-01-05T12:17:22.287490+00:00
AIRFLOW_CTX_TRY_NUMBER=1
AIRFLOW_CTX_DAG_RUN_ID=manual__2023-01-05T12:17:22.287490+00:00
[2023-01-05T12:19:34.523+0000] {python.py:177} INFO - Done. Returned value was: None
[2023-01-05T12:19:34.545+0000] {taskinstance.py:1327} INFO - Marking task as SUCCESS. dag_id=uk_accidents_etl_pipeline, task_id=milestone_2, execution_date=20230105T121722, start_date=20230105T121852, end_date=20230105T121934
[2023-01-05T12:19:34.649+0000] {local_task_job.py:159} INFO - Task exited with return code 0
[2023-01-05T12:19:34.729+0000] {taskinstance.py:2582} INFO - 1 downstream tasks scheduled from follow-on schedule check
