[2023-01-02T18:32:27.843+0000] {taskinstance.py:1087} INFO - Dependencies all met for <TaskInstance: uk_accidents_etl_pipeline.milestone_2 scheduled__2022-12-31T00:00:00+00:00 [queued]>
[2023-01-02T18:32:27.915+0000] {taskinstance.py:1087} INFO - Dependencies all met for <TaskInstance: uk_accidents_etl_pipeline.milestone_2 scheduled__2022-12-31T00:00:00+00:00 [queued]>
[2023-01-02T18:32:27.916+0000] {taskinstance.py:1283} INFO - 
--------------------------------------------------------------------------------
[2023-01-02T18:32:27.919+0000] {taskinstance.py:1284} INFO - Starting attempt 1 of 2
[2023-01-02T18:32:27.924+0000] {taskinstance.py:1285} INFO - 
--------------------------------------------------------------------------------
[2023-01-02T18:32:28.059+0000] {taskinstance.py:1304} INFO - Executing <Task(PythonOperator): milestone_2> on 2022-12-31 00:00:00+00:00
[2023-01-02T18:32:28.103+0000] {standard_task_runner.py:55} INFO - Started process 831 to run task
[2023-01-02T18:32:28.139+0000] {standard_task_runner.py:82} INFO - Running: ['***', 'tasks', 'run', 'uk_accidents_etl_pipeline', 'milestone_2', 'scheduled__2022-12-31T00:00:00+00:00', '--job-id', '5', '--raw', '--subdir', 'DAGS_FOLDER/milestone_3.py', '--cfg-path', '/tmp/tmpo_etvl_n']
[2023-01-02T18:32:28.151+0000] {standard_task_runner.py:83} INFO - Job 5: Subtask milestone_2
[2023-01-02T18:32:28.540+0000] {task_command.py:389} INFO - Running <TaskInstance: uk_accidents_etl_pipeline.milestone_2 scheduled__2022-12-31T00:00:00+00:00 [running]> on host 5137c6c0b664
[2023-01-02T18:32:28.964+0000] {taskinstance.py:1513} INFO - Exporting the following env vars:
AIRFLOW_CTX_DAG_OWNER=***
AIRFLOW_CTX_DAG_ID=uk_accidents_etl_pipeline
AIRFLOW_CTX_TASK_ID=milestone_2
AIRFLOW_CTX_EXECUTION_DATE=2022-12-31T00:00:00+00:00
AIRFLOW_CTX_TRY_NUMBER=1
AIRFLOW_CTX_DAG_RUN_ID=scheduled__2022-12-31T00:00:00+00:00
[2023-01-02T18:33:25.794+0000] {python.py:177} INFO - Done. Returned value was: None
[2023-01-02T18:33:25.821+0000] {taskinstance.py:1327} INFO - Marking task as SUCCESS. dag_id=uk_accidents_etl_pipeline, task_id=milestone_2, execution_date=20221231T000000, start_date=20230102T183227, end_date=20230102T183325
[2023-01-02T18:33:25.906+0000] {local_task_job.py:159} INFO - Task exited with return code 0
[2023-01-02T18:33:25.972+0000] {taskinstance.py:2582} INFO - 1 downstream tasks scheduled from follow-on schedule check
