[2023-01-02T23:56:22.085+0000] {taskinstance.py:1087} INFO - Dependencies all met for <TaskInstance: uk_accidents_etl_pipeline.milestone_2 manual__2023-01-02T23:54:40.991487+00:00 [queued]>
[2023-01-02T23:56:22.171+0000] {taskinstance.py:1087} INFO - Dependencies all met for <TaskInstance: uk_accidents_etl_pipeline.milestone_2 manual__2023-01-02T23:54:40.991487+00:00 [queued]>
[2023-01-02T23:56:22.172+0000] {taskinstance.py:1283} INFO - 
--------------------------------------------------------------------------------
[2023-01-02T23:56:22.173+0000] {taskinstance.py:1284} INFO - Starting attempt 1 of 2
[2023-01-02T23:56:22.176+0000] {taskinstance.py:1285} INFO - 
--------------------------------------------------------------------------------
[2023-01-02T23:56:22.292+0000] {taskinstance.py:1304} INFO - Executing <Task(PythonOperator): milestone_2> on 2023-01-02 23:54:40.991487+00:00
[2023-01-02T23:56:22.322+0000] {standard_task_runner.py:55} INFO - Started process 1426 to run task
[2023-01-02T23:56:22.342+0000] {standard_task_runner.py:82} INFO - Running: ['***', 'tasks', 'run', 'uk_accidents_etl_pipeline', 'milestone_2', 'manual__2023-01-02T23:54:40.991487+00:00', '--job-id', '19', '--raw', '--subdir', 'DAGS_FOLDER/milestone_3.py', '--cfg-path', '/tmp/tmpl8u3jshc']
[2023-01-02T23:56:22.361+0000] {standard_task_runner.py:83} INFO - Job 19: Subtask milestone_2
[2023-01-02T23:56:22.719+0000] {task_command.py:389} INFO - Running <TaskInstance: uk_accidents_etl_pipeline.milestone_2 manual__2023-01-02T23:54:40.991487+00:00 [running]> on host 82068c2abeb3
[2023-01-02T23:56:23.301+0000] {taskinstance.py:1513} INFO - Exporting the following env vars:
AIRFLOW_CTX_DAG_OWNER=***
AIRFLOW_CTX_DAG_ID=uk_accidents_etl_pipeline
AIRFLOW_CTX_TASK_ID=milestone_2
AIRFLOW_CTX_EXECUTION_DATE=2023-01-02T23:54:40.991487+00:00
AIRFLOW_CTX_TRY_NUMBER=1
AIRFLOW_CTX_DAG_RUN_ID=manual__2023-01-02T23:54:40.991487+00:00
[2023-01-02T23:57:06.802+0000] {python.py:177} INFO - Done. Returned value was: None
[2023-01-02T23:57:06.839+0000] {taskinstance.py:1327} INFO - Marking task as SUCCESS. dag_id=uk_accidents_etl_pipeline, task_id=milestone_2, execution_date=20230102T235440, start_date=20230102T235622, end_date=20230102T235706
[2023-01-02T23:57:06.952+0000] {local_task_job.py:159} INFO - Task exited with return code 0
[2023-01-02T23:57:07.029+0000] {taskinstance.py:2582} INFO - 1 downstream tasks scheduled from follow-on schedule check
