[2023-01-02T23:38:30.804+0000] {taskinstance.py:1087} INFO - Dependencies all met for <TaskInstance: uk_accidents_etl_pipeline.load_to_postgres manual__2023-01-02T23:34:45.102029+00:00 [queued]>
[2023-01-02T23:38:30.841+0000] {taskinstance.py:1087} INFO - Dependencies all met for <TaskInstance: uk_accidents_etl_pipeline.load_to_postgres manual__2023-01-02T23:34:45.102029+00:00 [queued]>
[2023-01-02T23:38:30.848+0000] {taskinstance.py:1283} INFO - 
--------------------------------------------------------------------------------
[2023-01-02T23:38:30.851+0000] {taskinstance.py:1284} INFO - Starting attempt 1 of 2
[2023-01-02T23:38:30.851+0000] {taskinstance.py:1285} INFO - 
--------------------------------------------------------------------------------
[2023-01-02T23:38:30.950+0000] {taskinstance.py:1304} INFO - Executing <Task(PythonOperator): load_to_postgres> on 2023-01-02 23:34:45.102029+00:00
[2023-01-02T23:38:30.985+0000] {standard_task_runner.py:55} INFO - Started process 490 to run task
[2023-01-02T23:38:31.013+0000] {standard_task_runner.py:82} INFO - Running: ['***', 'tasks', 'run', 'uk_accidents_etl_pipeline', 'load_to_postgres', 'manual__2023-01-02T23:34:45.102029+00:00', '--job-id', '14', '--raw', '--subdir', 'DAGS_FOLDER/milestone_3.py', '--cfg-path', '/tmp/tmpncthk3oy']
[2023-01-02T23:38:31.030+0000] {standard_task_runner.py:83} INFO - Job 14: Subtask load_to_postgres
[2023-01-02T23:38:31.541+0000] {task_command.py:389} INFO - Running <TaskInstance: uk_accidents_etl_pipeline.load_to_postgres manual__2023-01-02T23:34:45.102029+00:00 [running]> on host 82068c2abeb3
[2023-01-02T23:38:31.871+0000] {taskinstance.py:1513} INFO - Exporting the following env vars:
AIRFLOW_CTX_DAG_OWNER=***
AIRFLOW_CTX_DAG_ID=uk_accidents_etl_pipeline
AIRFLOW_CTX_TASK_ID=load_to_postgres
AIRFLOW_CTX_EXECUTION_DATE=2023-01-02T23:34:45.102029+00:00
AIRFLOW_CTX_TRY_NUMBER=1
AIRFLOW_CTX_DAG_RUN_ID=manual__2023-01-02T23:34:45.102029+00:00
[2023-01-02T23:38:45.197+0000] {logging_mixin.py:137} INFO - connected succesfully
[2023-01-02T23:47:29.717+0000] {python.py:177} INFO - Done. Returned value was: None
[2023-01-02T23:47:29.760+0000] {taskinstance.py:1327} INFO - Marking task as SUCCESS. dag_id=uk_accidents_etl_pipeline, task_id=load_to_postgres, execution_date=20230102T233445, start_date=20230102T233830, end_date=20230102T234729
[2023-01-02T23:47:30.167+0000] {local_task_job.py:159} INFO - Task exited with return code 0
[2023-01-02T23:47:30.261+0000] {taskinstance.py:2582} INFO - 1 downstream tasks scheduled from follow-on schedule check
