[2023-01-02T23:59:22.520+0000] {taskinstance.py:1087} INFO - Dependencies all met for <TaskInstance: uk_accidents_etl_pipeline.milestone_1 manual__2023-01-02T23:53:19.341738+00:00 [queued]>
[2023-01-02T23:59:22.540+0000] {taskinstance.py:1087} INFO - Dependencies all met for <TaskInstance: uk_accidents_etl_pipeline.milestone_1 manual__2023-01-02T23:53:19.341738+00:00 [queued]>
[2023-01-02T23:59:22.541+0000] {taskinstance.py:1283} INFO - 
--------------------------------------------------------------------------------
[2023-01-02T23:59:22.542+0000] {taskinstance.py:1284} INFO - Starting attempt 2 of 2
[2023-01-02T23:59:22.543+0000] {taskinstance.py:1285} INFO - 
--------------------------------------------------------------------------------
[2023-01-02T23:59:22.580+0000] {taskinstance.py:1304} INFO - Executing <Task(PythonOperator): milestone_1> on 2023-01-02 23:53:19.341738+00:00
[2023-01-02T23:59:22.590+0000] {standard_task_runner.py:55} INFO - Started process 1596 to run task
[2023-01-02T23:59:22.597+0000] {standard_task_runner.py:82} INFO - Running: ['***', 'tasks', 'run', 'uk_accidents_etl_pipeline', 'milestone_1', 'manual__2023-01-02T23:53:19.341738+00:00', '--job-id', '22', '--raw', '--subdir', 'DAGS_FOLDER/milestone_3.py', '--cfg-path', '/tmp/tmpnhi3fcm2']
[2023-01-02T23:59:22.602+0000] {standard_task_runner.py:83} INFO - Job 22: Subtask milestone_1
[2023-01-02T23:59:22.763+0000] {task_command.py:389} INFO - Running <TaskInstance: uk_accidents_etl_pipeline.milestone_1 manual__2023-01-02T23:53:19.341738+00:00 [running]> on host 82068c2abeb3
[2023-01-02T23:59:23.107+0000] {taskinstance.py:1513} INFO - Exporting the following env vars:
AIRFLOW_CTX_DAG_OWNER=***
AIRFLOW_CTX_DAG_ID=uk_accidents_etl_pipeline
AIRFLOW_CTX_TASK_ID=milestone_1
AIRFLOW_CTX_EXECUTION_DATE=2023-01-02T23:53:19.341738+00:00
AIRFLOW_CTX_TRY_NUMBER=2
AIRFLOW_CTX_DAG_RUN_ID=manual__2023-01-02T23:53:19.341738+00:00
[2023-01-03T00:00:22.414+0000] {python.py:177} INFO - Done. Returned value was: None
[2023-01-03T00:00:22.440+0000] {taskinstance.py:1327} INFO - Marking task as SUCCESS. dag_id=uk_accidents_etl_pipeline, task_id=milestone_1, execution_date=20230102T235319, start_date=20230102T235922, end_date=20230103T000022
[2023-01-03T00:00:22.558+0000] {local_task_job.py:159} INFO - Task exited with return code 0
[2023-01-03T00:00:22.673+0000] {taskinstance.py:2582} INFO - 1 downstream tasks scheduled from follow-on schedule check
