[2023-01-02T23:35:03.616+0000] {taskinstance.py:1087} INFO - Dependencies all met for <TaskInstance: uk_accidents_etl_pipeline.milestone_1 manual__2023-01-02T23:34:45.102029+00:00 [queued]>
[2023-01-02T23:35:03.676+0000] {taskinstance.py:1087} INFO - Dependencies all met for <TaskInstance: uk_accidents_etl_pipeline.milestone_1 manual__2023-01-02T23:34:45.102029+00:00 [queued]>
[2023-01-02T23:35:03.677+0000] {taskinstance.py:1283} INFO - 
--------------------------------------------------------------------------------
[2023-01-02T23:35:03.678+0000] {taskinstance.py:1284} INFO - Starting attempt 1 of 2
[2023-01-02T23:35:03.679+0000] {taskinstance.py:1285} INFO - 
--------------------------------------------------------------------------------
[2023-01-02T23:35:03.824+0000] {taskinstance.py:1304} INFO - Executing <Task(PythonOperator): milestone_1> on 2023-01-02 23:34:45.102029+00:00
[2023-01-02T23:35:03.850+0000] {standard_task_runner.py:55} INFO - Started process 300 to run task
[2023-01-02T23:35:03.860+0000] {standard_task_runner.py:82} INFO - Running: ['***', 'tasks', 'run', 'uk_accidents_etl_pipeline', 'milestone_1', 'manual__2023-01-02T23:34:45.102029+00:00', '--job-id', '12', '--raw', '--subdir', 'DAGS_FOLDER/milestone_3.py', '--cfg-path', '/tmp/tmp387537uj']
[2023-01-02T23:35:03.876+0000] {standard_task_runner.py:83} INFO - Job 12: Subtask milestone_1
[2023-01-02T23:35:04.129+0000] {task_command.py:389} INFO - Running <TaskInstance: uk_accidents_etl_pipeline.milestone_1 manual__2023-01-02T23:34:45.102029+00:00 [running]> on host 82068c2abeb3
[2023-01-02T23:35:04.476+0000] {taskinstance.py:1513} INFO - Exporting the following env vars:
AIRFLOW_CTX_DAG_OWNER=***
AIRFLOW_CTX_DAG_ID=uk_accidents_etl_pipeline
AIRFLOW_CTX_TASK_ID=milestone_1
AIRFLOW_CTX_EXECUTION_DATE=2023-01-02T23:34:45.102029+00:00
AIRFLOW_CTX_TRY_NUMBER=1
AIRFLOW_CTX_DAG_RUN_ID=manual__2023-01-02T23:34:45.102029+00:00
[2023-01-02T23:36:42.150+0000] {python.py:177} INFO - Done. Returned value was: None
[2023-01-02T23:36:42.191+0000] {taskinstance.py:1327} INFO - Marking task as SUCCESS. dag_id=uk_accidents_etl_pipeline, task_id=milestone_1, execution_date=20230102T233445, start_date=20230102T233503, end_date=20230102T233642
[2023-01-02T23:36:42.352+0000] {local_task_job.py:159} INFO - Task exited with return code 0
[2023-01-02T23:36:42.479+0000] {taskinstance.py:2582} INFO - 0 downstream tasks scheduled from follow-on schedule check
